{
  "stats": {
    "suites": 20,
    "tests": 19,
    "passes": 19,
    "pending": 0,
    "failures": 0,
    "start": "2024-04-20T01:10:38.869Z",
    "end": "2024-04-20T01:10:54.812Z",
    "duration": 15943,
    "testsRegistered": 19,
    "passPercent": 100,
    "pendingPercent": 0,
    "other": 0,
    "hasOther": false,
    "skipped": 0,
    "hasSkipped": false
  },
  "results": [
    {
      "uuid": "d56ef178-616f-44c1-a68f-27cacf2f9af0",
      "title": "",
      "fullFile": "",
      "file": "",
      "beforeHooks": [],
      "afterHooks": [],
      "tests": [],
      "suites": [
        {
          "uuid": "0eaa5ff2-cb34-4941-b1c6-1e1ca0d812fd",
          "title": "Env variable Token",
          "fullFile": "/home/runner/work/supertest-project/supertest-project/test/10_EnvVariableExample.js",
          "file": "/test/10_EnvVariableExample.js",
          "beforeHooks": [],
          "afterHooks": [],
          "tests": [],
          "suites": [
            {
              "uuid": "103cfc1d-0caa-4218-953f-fa928c85cb5c",
              "title": "",
              "fullFile": "/home/runner/work/supertest-project/supertest-project/test/10_EnvVariableExample.js",
              "file": "/test/10_EnvVariableExample.js",
              "beforeHooks": [],
              "afterHooks": [],
              "tests": [
                {
                  "title": "Env Token - Create a user",
                  "fullTitle": "Env variable Token  Env Token - Create a user",
                  "timedOut": false,
                  "duration": 871,
                  "state": "passed",
                  "speed": "slow",
                  "pass": true,
                  "fail": false,
                  "pending": false,
                  "context": null,
                  "code": "var email = _faker.faker.internet.email();\nvar data = {\n  email: email,\n  name: _faker.faker.internet.userName(),\n  gender: 'male',\n  status: 'inactive'\n};\nreturn _common[\"default\"].post('/users').set(\"Authorization\", \"Bearer \".concat(TOKEN)).send(data).then(function (res) {\n  // console.log(res.body);\n  (0, _chai.expect)(res.body.data.email).to.eq(email);\n  (0, _chai.expect)(res.body.data.status).to.eq('inactive');\n  (0, _chai.expect)(res.body.data.gender).to.eq('male');\n  // expect(res.body.data.id).to.equal(4108);\n  // data.email = \"invalid\";\n  (0, _chai.expect)(res.body.data).to.deep.include(data);\n});",
                  "err": {},
                  "uuid": "ee3921e6-b589-439a-91c2-1155db8e1ba8",
                  "parentUUID": "103cfc1d-0caa-4218-953f-fa928c85cb5c",
                  "isHook": false,
                  "skipped": false
                }
              ],
              "suites": [],
              "passes": [
                "ee3921e6-b589-439a-91c2-1155db8e1ba8"
              ],
              "failures": [],
              "pending": [],
              "skipped": [],
              "duration": 871,
              "root": false,
              "rootEmpty": false,
              "_timeout": 5000
            }
          ],
          "passes": [],
          "failures": [],
          "pending": [],
          "skipped": [],
          "duration": 0,
          "root": false,
          "rootEmpty": false,
          "_timeout": 5000
        },
        {
          "uuid": "4a36738f-74d8-439b-8325-dd39d88da1ce",
          "title": "Get Users suite",
          "fullFile": "/home/runner/work/supertest-project/supertest-project/test/1_GetUsers.js",
          "file": "/test/1_GetUsers.js",
          "beforeHooks": [],
          "afterHooks": [],
          "tests": [],
          "suites": [
            {
              "uuid": "345cb000-58fc-4c9a-b89f-a809a0f9fb3c",
              "title": "",
              "fullFile": "/home/runner/work/supertest-project/supertest-project/test/1_GetUsers.js",
              "file": "/test/1_GetUsers.js",
              "beforeHooks": [],
              "afterHooks": [],
              "tests": [
                {
                  "title": "Get all users",
                  "fullTitle": "Get Users suite  Get all users",
                  "timedOut": false,
                  "duration": 797,
                  "state": "passed",
                  "speed": "slow",
                  "pass": true,
                  "fail": false,
                  "pending": false,
                  "context": null,
                  "code": "var self = this, args = arguments; return new Promise(function (resolve, reject) { var gen = fn.apply(self, args); function _next(value) { asyncGeneratorStep(gen, resolve, reject, _next, _throw, \"next\", value); } function _throw(err) { asyncGeneratorStep(gen, resolve, reject, _next, _throw, \"throw\", err); } _next(undefined); });",
                  "err": {},
                  "uuid": "1a9c46f7-31a4-44fe-8f44-7794cc14bdd5",
                  "parentUUID": "345cb000-58fc-4c9a-b89f-a809a0f9fb3c",
                  "isHook": false,
                  "skipped": false
                },
                {
                  "title": "Get specific user",
                  "fullTitle": "Get Users suite  Get specific user",
                  "timedOut": false,
                  "duration": 774,
                  "state": "passed",
                  "speed": "slow",
                  "pass": true,
                  "fail": false,
                  "pending": false,
                  "context": null,
                  "code": "var self = this, args = arguments; return new Promise(function (resolve, reject) { var gen = fn.apply(self, args); function _next(value) { asyncGeneratorStep(gen, resolve, reject, _next, _throw, \"next\", value); } function _throw(err) { asyncGeneratorStep(gen, resolve, reject, _next, _throw, \"throw\", err); } _next(undefined); });",
                  "err": {},
                  "uuid": "61ceb480-f68d-44a6-bc0a-dae38a47822d",
                  "parentUUID": "345cb000-58fc-4c9a-b89f-a809a0f9fb3c",
                  "isHook": false,
                  "skipped": false
                },
                {
                  "title": "Get with query params",
                  "fullTitle": "Get Users suite  Get with query params",
                  "timedOut": false,
                  "duration": 335,
                  "state": "passed",
                  "speed": "slow",
                  "pass": true,
                  "fail": false,
                  "pending": false,
                  "context": null,
                  "code": "var self = this, args = arguments; return new Promise(function (resolve, reject) { var gen = fn.apply(self, args); function _next(value) { asyncGeneratorStep(gen, resolve, reject, _next, _throw, \"next\", value); } function _throw(err) { asyncGeneratorStep(gen, resolve, reject, _next, _throw, \"throw\", err); } _next(undefined); });",
                  "err": {},
                  "uuid": "c5ea0de1-2140-4e43-bac9-e16ccb8314bd",
                  "parentUUID": "345cb000-58fc-4c9a-b89f-a809a0f9fb3c",
                  "isHook": false,
                  "skipped": false
                }
              ],
              "suites": [],
              "passes": [
                "1a9c46f7-31a4-44fe-8f44-7794cc14bdd5",
                "61ceb480-f68d-44a6-bc0a-dae38a47822d",
                "c5ea0de1-2140-4e43-bac9-e16ccb8314bd"
              ],
              "failures": [],
              "pending": [],
              "skipped": [],
              "duration": 1906,
              "root": false,
              "rootEmpty": false,
              "_timeout": 5000
            }
          ],
          "passes": [],
          "failures": [],
          "pending": [],
          "skipped": [],
          "duration": 0,
          "root": false,
          "rootEmpty": false,
          "_timeout": 5000
        },
        {
          "uuid": "03641f0c-1ccd-4df8-b985-71613b70cd7e",
          "title": "Post user suite",
          "fullFile": "/home/runner/work/supertest-project/supertest-project/test/2_PostUsers.js",
          "file": "/test/2_PostUsers.js",
          "beforeHooks": [],
          "afterHooks": [],
          "tests": [],
          "suites": [
            {
              "uuid": "26f84220-72ed-48fa-96ad-0179d5ec171f",
              "title": "",
              "fullFile": "/home/runner/work/supertest-project/supertest-project/test/2_PostUsers.js",
              "file": "/test/2_PostUsers.js",
              "beforeHooks": [],
              "afterHooks": [],
              "tests": [
                {
                  "title": "Post - Create a user",
                  "fullTitle": "Post user suite  Post - Create a user",
                  "timedOut": false,
                  "duration": 843,
                  "state": "passed",
                  "speed": "slow",
                  "pass": true,
                  "fail": false,
                  "pending": false,
                  "context": null,
                  "code": "var email = _faker.faker.internet.email();\nvar data = {\n  email: email,\n  name: _faker.faker.internet.userName(),\n  gender: 'male',\n  status: 'inactive'\n};\nreturn request.post('/users').set(\"Authorization\", \"Bearer \".concat(TOKEN)).send(data).then(function (res) {\n  // console.log(res.body);\n  (0, _chai.expect)(res.body.data.email).to.eq(email);\n  (0, _chai.expect)(res.body.data.status).to.eq('inactive');\n  (0, _chai.expect)(res.body.data.gender).to.eq('male');\n  // expect(res.body.data.id).to.equal(4108);\n  // data.email = \"invalid\";\n  (0, _chai.expect)(res.body.data).to.deep.include(data);\n});",
                  "err": {},
                  "uuid": "af39cdeb-3671-4643-a207-92be07f22f96",
                  "parentUUID": "26f84220-72ed-48fa-96ad-0179d5ec171f",
                  "isHook": false,
                  "skipped": false
                }
              ],
              "suites": [],
              "passes": [
                "af39cdeb-3671-4643-a207-92be07f22f96"
              ],
              "failures": [],
              "pending": [],
              "skipped": [],
              "duration": 843,
              "root": false,
              "rootEmpty": false,
              "_timeout": 5000
            }
          ],
          "passes": [],
          "failures": [],
          "pending": [],
          "skipped": [],
          "duration": 0,
          "root": false,
          "rootEmpty": false,
          "_timeout": 5000
        },
        {
          "uuid": "fe63e454-9ab2-4ce0-9e3f-5fa473cf9826",
          "title": "Put user suite ",
          "fullFile": "/home/runner/work/supertest-project/supertest-project/test/3_PutUsers.js",
          "file": "/test/3_PutUsers.js",
          "beforeHooks": [],
          "afterHooks": [],
          "tests": [],
          "suites": [
            {
              "uuid": "420cd140-6a44-4a83-938e-dcf0aa54b880",
              "title": "",
              "fullFile": "/home/runner/work/supertest-project/supertest-project/test/3_PutUsers.js",
              "file": "/test/3_PutUsers.js",
              "beforeHooks": [],
              "afterHooks": [],
              "tests": [
                {
                  "title": "Post - Create a user",
                  "fullTitle": "Put user suite   Post - Create a user",
                  "timedOut": false,
                  "duration": 888,
                  "state": "passed",
                  "speed": "slow",
                  "pass": true,
                  "fail": false,
                  "pending": false,
                  "context": null,
                  "code": "var email = _faker.faker.internet.email();\nvar data = {\n  email: email,\n  name: _faker.faker.internet.userName(),\n  gender: 'male',\n  status: 'inactive'\n};\nreturn request.post('/users').set(\"Authorization\", \"Bearer \".concat(TOKEN)).send(data).then(function (res) {\n  userId = res.body.data.id;\n});",
                  "err": {},
                  "uuid": "18a8999e-a841-4c73-9967-0782214e18d3",
                  "parentUUID": "420cd140-6a44-4a83-938e-dcf0aa54b880",
                  "isHook": false,
                  "skipped": false
                },
                {
                  "title": "Put - Update a user",
                  "fullTitle": "Put user suite   Put - Update a user",
                  "timedOut": false,
                  "duration": 826,
                  "state": "passed",
                  "speed": "slow",
                  "pass": true,
                  "fail": false,
                  "pending": false,
                  "context": null,
                  "code": "var email = _faker.faker.internet.email();\nvar data = {\n  email: email,\n  name: _faker.faker.internet.userName(),\n  gender: 'female',\n  status: 'active'\n};\nreturn request.put('/users/' + userId).set(\"Authorization\", \"Bearer \".concat(TOKEN)).send(data).then(function (res) {\n  // console.log(res.body);\n  // expect(res.body.data.email).to.eq(email);\n  (0, _chai.expect)(res.body.data).to.deep.include(data);\n});",
                  "err": {},
                  "uuid": "3c492596-7c66-4899-80f8-d5a2b7998c56",
                  "parentUUID": "420cd140-6a44-4a83-938e-dcf0aa54b880",
                  "isHook": false,
                  "skipped": false
                }
              ],
              "suites": [],
              "passes": [
                "18a8999e-a841-4c73-9967-0782214e18d3",
                "3c492596-7c66-4899-80f8-d5a2b7998c56"
              ],
              "failures": [],
              "pending": [],
              "skipped": [],
              "duration": 1714,
              "root": false,
              "rootEmpty": false,
              "_timeout": 5000
            }
          ],
          "passes": [],
          "failures": [],
          "pending": [],
          "skipped": [],
          "duration": 0,
          "root": false,
          "rootEmpty": false,
          "_timeout": 5000
        },
        {
          "uuid": "a25261d2-6c35-48b5-833f-e9458942db3a",
          "title": "Delete user suite ",
          "fullFile": "/home/runner/work/supertest-project/supertest-project/test/4_DeleteUser.js",
          "file": "/test/4_DeleteUser.js",
          "beforeHooks": [],
          "afterHooks": [],
          "tests": [],
          "suites": [
            {
              "uuid": "e483a558-5a45-492a-9453-b648c7775359",
              "title": "",
              "fullFile": "/home/runner/work/supertest-project/supertest-project/test/4_DeleteUser.js",
              "file": "/test/4_DeleteUser.js",
              "beforeHooks": [],
              "afterHooks": [],
              "tests": [
                {
                  "title": "Post - Create a user",
                  "fullTitle": "Delete user suite   Post - Create a user",
                  "timedOut": false,
                  "duration": 830,
                  "state": "passed",
                  "speed": "slow",
                  "pass": true,
                  "fail": false,
                  "pending": false,
                  "context": null,
                  "code": "var email = _faker.faker.internet.email();\nvar data = {\n  email: email,\n  name: _faker.faker.internet.userName(),\n  gender: 'male',\n  status: 'inactive'\n};\nreturn request.post('/users').set(\"Authorization\", \"Bearer \".concat(TOKEN)).send(data).then(function (res) {\n  userId = res.body.data.id;\n});",
                  "err": {},
                  "uuid": "582b3e3e-1011-44cf-b383-a4b479f8e9e9",
                  "parentUUID": "e483a558-5a45-492a-9453-b648c7775359",
                  "isHook": false,
                  "skipped": false
                },
                {
                  "title": "Delete - delete a user",
                  "fullTitle": "Delete user suite   Delete - delete a user",
                  "timedOut": false,
                  "duration": 849,
                  "state": "passed",
                  "speed": "slow",
                  "pass": true,
                  "fail": false,
                  "pending": false,
                  "context": null,
                  "code": "return request[\"delete\"]('/users/' + userId).set(\"Authorization\", \"Bearer \".concat(TOKEN)).then(function (res) {\n  // console.log(res.body);\n  // verify response has no error msg in data field\n  (0, _chai.expect)(res.body.data).to.eq(null);\n  // expect(res.body.data).to.deep.include(data);\n});",
                  "err": {},
                  "uuid": "c1f74fb9-82ff-43a9-9acc-cfa308a9f88e",
                  "parentUUID": "e483a558-5a45-492a-9453-b648c7775359",
                  "isHook": false,
                  "skipped": false
                }
              ],
              "suites": [],
              "passes": [
                "582b3e3e-1011-44cf-b383-a4b479f8e9e9",
                "c1f74fb9-82ff-43a9-9acc-cfa308a9f88e"
              ],
              "failures": [],
              "pending": [],
              "skipped": [],
              "duration": 1679,
              "root": false,
              "rootEmpty": false,
              "_timeout": 5000
            }
          ],
          "passes": [],
          "failures": [],
          "pending": [],
          "skipped": [],
          "duration": 0,
          "root": false,
          "rootEmpty": false,
          "_timeout": 5000
        },
        {
          "uuid": "9b70d7a0-9d3f-4d3f-b2a3-32d7c95e7c06",
          "title": "Post user suite - Async Await example",
          "fullFile": "/home/runner/work/supertest-project/supertest-project/test/5_CreateBlogPost_AsyncAwait copy.js",
          "file": "/test/5_CreateBlogPost_AsyncAwait copy.js",
          "beforeHooks": [],
          "afterHooks": [],
          "tests": [],
          "suites": [
            {
              "uuid": "1ec204ac-b9c2-4be6-bacc-5da83b2a1f02",
              "title": "",
              "fullFile": "/home/runner/work/supertest-project/supertest-project/test/5_CreateBlogPost_AsyncAwait copy.js",
              "file": "/test/5_CreateBlogPost_AsyncAwait copy.js",
              "beforeHooks": [],
              "afterHooks": [],
              "tests": [
                {
                  "title": "First - Create a user",
                  "fullTitle": "Post user suite - Async Await example  First - Create a user",
                  "timedOut": false,
                  "duration": 828,
                  "state": "passed",
                  "speed": "slow",
                  "pass": true,
                  "fail": false,
                  "pending": false,
                  "context": null,
                  "code": "var self = this, args = arguments; return new Promise(function (resolve, reject) { var gen = fn.apply(self, args); function _next(value) { asyncGeneratorStep(gen, resolve, reject, _next, _throw, \"next\", value); } function _throw(err) { asyncGeneratorStep(gen, resolve, reject, _next, _throw, \"throw\", err); } _next(undefined); });",
                  "err": {},
                  "uuid": "eb4dd1e4-7bfa-4e44-8767-7404c8054709",
                  "parentUUID": "1ec204ac-b9c2-4be6-bacc-5da83b2a1f02",
                  "isHook": false,
                  "skipped": false
                },
                {
                  "title": "Post - Create a Blog post",
                  "fullTitle": "Post user suite - Async Await example  Post - Create a Blog post",
                  "timedOut": false,
                  "duration": 838,
                  "state": "passed",
                  "speed": "slow",
                  "pass": true,
                  "fail": false,
                  "pending": false,
                  "context": null,
                  "code": "var self = this, args = arguments; return new Promise(function (resolve, reject) { var gen = fn.apply(self, args); function _next(value) { asyncGeneratorStep(gen, resolve, reject, _next, _throw, \"next\", value); } function _throw(err) { asyncGeneratorStep(gen, resolve, reject, _next, _throw, \"throw\", err); } _next(undefined); });",
                  "err": {},
                  "uuid": "9bb9098f-07d5-4f97-beb7-93043b48cf98",
                  "parentUUID": "1ec204ac-b9c2-4be6-bacc-5da83b2a1f02",
                  "isHook": false,
                  "skipped": false
                },
                {
                  "title": "Get - Post with id",
                  "fullTitle": "Post user suite - Async Await example  Get - Post with id",
                  "timedOut": false,
                  "duration": 358,
                  "state": "passed",
                  "speed": "slow",
                  "pass": true,
                  "fail": false,
                  "pending": false,
                  "context": null,
                  "code": "var self = this, args = arguments; return new Promise(function (resolve, reject) { var gen = fn.apply(self, args); function _next(value) { asyncGeneratorStep(gen, resolve, reject, _next, _throw, \"next\", value); } function _throw(err) { asyncGeneratorStep(gen, resolve, reject, _next, _throw, \"throw\", err); } _next(undefined); });",
                  "err": {},
                  "uuid": "c01f0131-8cdb-425b-8e12-a4e3480e52b4",
                  "parentUUID": "1ec204ac-b9c2-4be6-bacc-5da83b2a1f02",
                  "isHook": false,
                  "skipped": false
                }
              ],
              "suites": [],
              "passes": [
                "eb4dd1e4-7bfa-4e44-8767-7404c8054709",
                "9bb9098f-07d5-4f97-beb7-93043b48cf98",
                "c01f0131-8cdb-425b-8e12-a4e3480e52b4"
              ],
              "failures": [],
              "pending": [],
              "skipped": [],
              "duration": 2024,
              "root": false,
              "rootEmpty": false,
              "_timeout": 5000
            }
          ],
          "passes": [],
          "failures": [],
          "pending": [],
          "skipped": [],
          "duration": 0,
          "root": false,
          "rootEmpty": false,
          "_timeout": 5000
        },
        {
          "uuid": "60e9a5e4-1458-4fc9-b09d-f5b4b0fa39d2",
          "title": "Before hook example, Post user suite",
          "fullFile": "/home/runner/work/supertest-project/supertest-project/test/6_HooksEx_AsyncAwait copy.js",
          "file": "/test/6_HooksEx_AsyncAwait copy.js",
          "beforeHooks": [
            {
              "title": "\"before all\" hook in \"Before hook example, Post user suite\"",
              "fullTitle": "Before hook example, Post user suite \"before all\" hook in \"Before hook example, Post user suite\"",
              "timedOut": false,
              "duration": 858,
              "state": null,
              "speed": null,
              "pass": false,
              "fail": false,
              "pending": false,
              "context": null,
              "code": "var self = this, args = arguments; return new Promise(function (resolve, reject) { var gen = fn.apply(self, args); function _next(value) { asyncGeneratorStep(gen, resolve, reject, _next, _throw, \"next\", value); } function _throw(err) { asyncGeneratorStep(gen, resolve, reject, _next, _throw, \"throw\", err); } _next(undefined); });",
              "err": {},
              "uuid": "7dad88c3-0e9e-43aa-8658-203d15863d72",
              "parentUUID": "60e9a5e4-1458-4fc9-b09d-f5b4b0fa39d2",
              "isHook": true,
              "skipped": false
            }
          ],
          "afterHooks": [],
          "tests": [],
          "suites": [
            {
              "uuid": "708aacc9-0399-49a2-9caf-ce79a0d1174e",
              "title": "",
              "fullFile": "/home/runner/work/supertest-project/supertest-project/test/6_HooksEx_AsyncAwait copy.js",
              "file": "/test/6_HooksEx_AsyncAwait copy.js",
              "beforeHooks": [],
              "afterHooks": [],
              "tests": [
                {
                  "title": "Post - Create a Blog post",
                  "fullTitle": "Before hook example, Post user suite  Post - Create a Blog post",
                  "timedOut": false,
                  "duration": 390,
                  "state": "passed",
                  "speed": "slow",
                  "pass": true,
                  "fail": false,
                  "pending": false,
                  "context": null,
                  "code": "var self = this, args = arguments; return new Promise(function (resolve, reject) { var gen = fn.apply(self, args); function _next(value) { asyncGeneratorStep(gen, resolve, reject, _next, _throw, \"next\", value); } function _throw(err) { asyncGeneratorStep(gen, resolve, reject, _next, _throw, \"throw\", err); } _next(undefined); });",
                  "err": {},
                  "uuid": "faf3e62e-60cb-49ba-a23a-cfebbd1cebb7",
                  "parentUUID": "708aacc9-0399-49a2-9caf-ce79a0d1174e",
                  "isHook": false,
                  "skipped": false
                },
                {
                  "title": "Get - Post with id",
                  "fullTitle": "Before hook example, Post user suite  Get - Post with id",
                  "timedOut": false,
                  "duration": 782,
                  "state": "passed",
                  "speed": "slow",
                  "pass": true,
                  "fail": false,
                  "pending": false,
                  "context": null,
                  "code": "var self = this, args = arguments; return new Promise(function (resolve, reject) { var gen = fn.apply(self, args); function _next(value) { asyncGeneratorStep(gen, resolve, reject, _next, _throw, \"next\", value); } function _throw(err) { asyncGeneratorStep(gen, resolve, reject, _next, _throw, \"throw\", err); } _next(undefined); });",
                  "err": {},
                  "uuid": "5248871f-021c-4790-a60a-8da9b63cda8a",
                  "parentUUID": "708aacc9-0399-49a2-9caf-ce79a0d1174e",
                  "isHook": false,
                  "skipped": false
                }
              ],
              "suites": [],
              "passes": [
                "faf3e62e-60cb-49ba-a23a-cfebbd1cebb7",
                "5248871f-021c-4790-a60a-8da9b63cda8a"
              ],
              "failures": [],
              "pending": [],
              "skipped": [],
              "duration": 1172,
              "root": false,
              "rootEmpty": false,
              "_timeout": 5000
            }
          ],
          "passes": [],
          "failures": [],
          "pending": [],
          "skipped": [],
          "duration": 0,
          "root": false,
          "rootEmpty": false,
          "_timeout": 5000
        },
        {
          "uuid": "6e8ee003-6b3f-4598-af5b-632bb62a1872",
          "title": "Helper Method, Post user suite",
          "fullFile": "/home/runner/work/supertest-project/supertest-project/test/7_HelperMethod_Example.js",
          "file": "/test/7_HelperMethod_Example.js",
          "beforeHooks": [
            {
              "title": "\"before all\" hook in \"Helper Method, Post user suite\"",
              "fullTitle": "Helper Method, Post user suite \"before all\" hook in \"Helper Method, Post user suite\"",
              "timedOut": false,
              "duration": 860,
              "state": null,
              "speed": null,
              "pass": false,
              "fail": false,
              "pending": false,
              "context": null,
              "code": "var self = this, args = arguments; return new Promise(function (resolve, reject) { var gen = fn.apply(self, args); function _next(value) { asyncGeneratorStep(gen, resolve, reject, _next, _throw, \"next\", value); } function _throw(err) { asyncGeneratorStep(gen, resolve, reject, _next, _throw, \"throw\", err); } _next(undefined); });",
              "err": {},
              "uuid": "41c84da5-7786-4b0a-b6b1-a2bac04bda62",
              "parentUUID": "6e8ee003-6b3f-4598-af5b-632bb62a1872",
              "isHook": true,
              "skipped": false
            }
          ],
          "afterHooks": [],
          "tests": [],
          "suites": [
            {
              "uuid": "f96f1979-0c4c-42b8-a004-96860717adbd",
              "title": "",
              "fullFile": "/home/runner/work/supertest-project/supertest-project/test/7_HelperMethod_Example.js",
              "file": "/test/7_HelperMethod_Example.js",
              "beforeHooks": [],
              "afterHooks": [],
              "tests": [
                {
                  "title": "Post - Create a Blog post",
                  "fullTitle": "Helper Method, Post user suite  Post - Create a Blog post",
                  "timedOut": false,
                  "duration": 820,
                  "state": "passed",
                  "speed": "slow",
                  "pass": true,
                  "fail": false,
                  "pending": false,
                  "context": null,
                  "code": "var self = this, args = arguments; return new Promise(function (resolve, reject) { var gen = fn.apply(self, args); function _next(value) { asyncGeneratorStep(gen, resolve, reject, _next, _throw, \"next\", value); } function _throw(err) { asyncGeneratorStep(gen, resolve, reject, _next, _throw, \"throw\", err); } _next(undefined); });",
                  "err": {},
                  "uuid": "98ea8e60-93e8-4dee-b946-8339b2e74822",
                  "parentUUID": "f96f1979-0c4c-42b8-a004-96860717adbd",
                  "isHook": false,
                  "skipped": false
                },
                {
                  "title": "Get - Post with id",
                  "fullTitle": "Helper Method, Post user suite  Get - Post with id",
                  "timedOut": false,
                  "duration": 798,
                  "state": "passed",
                  "speed": "slow",
                  "pass": true,
                  "fail": false,
                  "pending": false,
                  "context": null,
                  "code": "var self = this, args = arguments; return new Promise(function (resolve, reject) { var gen = fn.apply(self, args); function _next(value) { asyncGeneratorStep(gen, resolve, reject, _next, _throw, \"next\", value); } function _throw(err) { asyncGeneratorStep(gen, resolve, reject, _next, _throw, \"throw\", err); } _next(undefined); });",
                  "err": {},
                  "uuid": "cef4d7ba-915c-4b73-8fb0-be1802d90c6d",
                  "parentUUID": "f96f1979-0c4c-42b8-a004-96860717adbd",
                  "isHook": false,
                  "skipped": false
                }
              ],
              "suites": [],
              "passes": [
                "98ea8e60-93e8-4dee-b946-8339b2e74822",
                "cef4d7ba-915c-4b73-8fb0-be1802d90c6d"
              ],
              "failures": [],
              "pending": [],
              "skipped": [],
              "duration": 1618,
              "root": false,
              "rootEmpty": false,
              "_timeout": 5000
            }
          ],
          "passes": [],
          "failures": [],
          "pending": [],
          "skipped": [],
          "duration": 0,
          "root": false,
          "rootEmpty": false,
          "_timeout": 5000
        },
        {
          "uuid": "b712bc81-8b8e-4d29-a29e-badd0ae5b191",
          "title": "Negative Tests suite",
          "fullFile": "/home/runner/work/supertest-project/supertest-project/test/8_NegativeTest_Post.js",
          "file": "/test/8_NegativeTest_Post.js",
          "beforeHooks": [],
          "afterHooks": [],
          "tests": [],
          "suites": [
            {
              "uuid": "38b3a8cc-996f-464e-a3a0-af2c6c07dd5d",
              "title": "",
              "fullFile": "/home/runner/work/supertest-project/supertest-project/test/8_NegativeTest_Post.js",
              "file": "/test/8_NegativeTest_Post.js",
              "beforeHooks": [],
              "afterHooks": [],
              "tests": [
                {
                  "title": "Post - Create a user without token",
                  "fullTitle": "Negative Tests suite  Post - Create a user without token",
                  "timedOut": false,
                  "duration": 757,
                  "state": "passed",
                  "speed": "slow",
                  "pass": true,
                  "fail": false,
                  "pending": false,
                  "context": null,
                  "code": "var self = this, args = arguments; return new Promise(function (resolve, reject) { var gen = fn.apply(self, args); function _next(value) { asyncGeneratorStep(gen, resolve, reject, _next, _throw, \"next\", value); } function _throw(err) { asyncGeneratorStep(gen, resolve, reject, _next, _throw, \"throw\", err); } _next(undefined); });",
                  "err": {},
                  "uuid": "112dedc6-971b-4c4d-ae60-a59ffbbfc6ac",
                  "parentUUID": "38b3a8cc-996f-464e-a3a0-af2c6c07dd5d",
                  "isHook": false,
                  "skipped": false
                },
                {
                  "title": "Post - Create a user without body",
                  "fullTitle": "Negative Tests suite  Post - Create a user without body",
                  "timedOut": false,
                  "duration": 785,
                  "state": "passed",
                  "speed": "slow",
                  "pass": true,
                  "fail": false,
                  "pending": false,
                  "context": null,
                  "code": "var self = this, args = arguments; return new Promise(function (resolve, reject) { var gen = fn.apply(self, args); function _next(value) { asyncGeneratorStep(gen, resolve, reject, _next, _throw, \"next\", value); } function _throw(err) { asyncGeneratorStep(gen, resolve, reject, _next, _throw, \"throw\", err); } _next(undefined); });",
                  "err": {},
                  "uuid": "c3502d86-e698-4035-9e05-8dab8c403db0",
                  "parentUUID": "38b3a8cc-996f-464e-a3a0-af2c6c07dd5d",
                  "isHook": false,
                  "skipped": false
                }
              ],
              "suites": [],
              "passes": [
                "112dedc6-971b-4c4d-ae60-a59ffbbfc6ac",
                "c3502d86-e698-4035-9e05-8dab8c403db0"
              ],
              "failures": [],
              "pending": [],
              "skipped": [],
              "duration": 1542,
              "root": false,
              "rootEmpty": false,
              "_timeout": 5000
            }
          ],
          "passes": [],
          "failures": [],
          "pending": [],
          "skipped": [],
          "duration": 0,
          "root": false,
          "rootEmpty": false,
          "_timeout": 5000
        },
        {
          "uuid": "91a52040-d3f8-4247-a9a8-4c28b66ac8c3",
          "title": "Config changes -  suite",
          "fullFile": "/home/runner/work/supertest-project/supertest-project/test/9_ConfigChanges.js",
          "file": "/test/9_ConfigChanges.js",
          "beforeHooks": [],
          "afterHooks": [],
          "tests": [],
          "suites": [
            {
              "uuid": "8633ab2f-6873-49c8-be8f-015c545985f5",
              "title": "",
              "fullFile": "/home/runner/work/supertest-project/supertest-project/test/9_ConfigChanges.js",
              "file": "/test/9_ConfigChanges.js",
              "beforeHooks": [],
              "afterHooks": [],
              "tests": [
                {
                  "title": "Common Config example - Create a user",
                  "fullTitle": "Config changes -  suite  Common Config example - Create a user",
                  "timedOut": false,
                  "duration": 841,
                  "state": "passed",
                  "speed": "slow",
                  "pass": true,
                  "fail": false,
                  "pending": false,
                  "context": null,
                  "code": "var email = _faker.faker.internet.email();\nvar data = {\n  email: email,\n  name: _faker.faker.internet.userName(),\n  gender: 'male',\n  status: 'inactive'\n};\nreturn _common[\"default\"].post('/users').set(\"Authorization\", \"Bearer \".concat(TOKEN)).send(data).then(function (res) {\n  // console.log(res.body);\n  (0, _chai.expect)(res.body.data.email).to.eq(email);\n  (0, _chai.expect)(res.body.data.status).to.eq('inactive');\n  (0, _chai.expect)(res.body.data.gender).to.eq('male');\n  // expect(res.body.data.id).to.equal(4108);\n  // data.email = \"invalid\";\n  (0, _chai.expect)(res.body.data).to.deep.include(data);\n});",
                  "err": {},
                  "uuid": "38d6d1d5-2188-4545-a230-a8b79e9e73bd",
                  "parentUUID": "8633ab2f-6873-49c8-be8f-015c545985f5",
                  "isHook": false,
                  "skipped": false
                }
              ],
              "suites": [],
              "passes": [
                "38d6d1d5-2188-4545-a230-a8b79e9e73bd"
              ],
              "failures": [],
              "pending": [],
              "skipped": [],
              "duration": 841,
              "root": false,
              "rootEmpty": false,
              "_timeout": 5000
            }
          ],
          "passes": [],
          "failures": [],
          "pending": [],
          "skipped": [],
          "duration": 0,
          "root": false,
          "rootEmpty": false,
          "_timeout": 5000
        }
      ],
      "passes": [],
      "failures": [],
      "pending": [],
      "skipped": [],
      "duration": 0,
      "root": true,
      "rootEmpty": true,
      "_timeout": 5000
    }
  ],
  "meta": {
    "mocha": {
      "version": "10.4.0"
    },
    "mochawesome": {
      "options": {
        "quiet": false,
        "reportFilename": "mochawesome",
        "saveHtml": true,
        "saveJson": true,
        "consoleReporter": "spec",
        "useInlineDiffs": false,
        "code": true
      },
      "version": "7.1.3"
    },
    "marge": {
      "options": null,
      "version": "6.2.0"
    }
  }
}