{
  "stats": {
    "suites": 20,
    "tests": 19,
    "passes": 19,
    "pending": 0,
    "failures": 0,
    "start": "2023-07-06T01:49:54.995Z",
    "end": "2023-07-06T01:50:09.872Z",
    "duration": 14877,
    "testsRegistered": 19,
    "passPercent": 100,
    "pendingPercent": 0,
    "other": 0,
    "hasOther": false,
    "skipped": 0,
    "hasSkipped": false
  },
  "results": [
    {
      "uuid": "78e8ced3-d1d7-4e2a-b9de-9d65930e284e",
      "title": "",
      "fullFile": "",
      "file": "",
      "beforeHooks": [],
      "afterHooks": [],
      "tests": [],
      "suites": [
        {
          "uuid": "d960d284-8aec-4ca0-893f-79f929b60a09",
          "title": "Env variable Token",
          "fullFile": "/home/runner/work/supertest-project/supertest-project/test/10_EnvVariableExample.js",
          "file": "/test/10_EnvVariableExample.js",
          "beforeHooks": [],
          "afterHooks": [],
          "tests": [],
          "suites": [
            {
              "uuid": "883157ae-21ce-4f5a-9522-c43a1539143e",
              "title": "",
              "fullFile": "/home/runner/work/supertest-project/supertest-project/test/10_EnvVariableExample.js",
              "file": "/test/10_EnvVariableExample.js",
              "beforeHooks": [],
              "afterHooks": [],
              "tests": [
                {
                  "title": "Env Token - Create a user",
                  "fullTitle": "Env variable Token  Env Token - Create a user",
                  "timedOut": false,
                  "duration": 904,
                  "state": "passed",
                  "speed": "slow",
                  "pass": true,
                  "fail": false,
                  "pending": false,
                  "context": null,
                  "code": "var email = _faker.faker.internet.email();\nvar data = {\n  email: email,\n  name: _faker.faker.internet.userName(),\n  gender: 'male',\n  status: 'inactive'\n};\nreturn _common[\"default\"].post('/users').set(\"Authorization\", \"Bearer \".concat(TOKEN)).send(data).then(function (res) {\n  // console.log(res.body);\n  (0, _chai.expect)(res.body.data.email).to.eq(email);\n  (0, _chai.expect)(res.body.data.status).to.eq('inactive');\n  (0, _chai.expect)(res.body.data.gender).to.eq('male');\n  // expect(res.body.data.id).to.equal(4108);\n  // data.email = \"invalid\";\n  (0, _chai.expect)(res.body.data).to.deep.include(data);\n});",
                  "err": {},
                  "uuid": "b496c332-ee58-4e69-aa3b-68a452dac191",
                  "parentUUID": "883157ae-21ce-4f5a-9522-c43a1539143e",
                  "isHook": false,
                  "skipped": false
                }
              ],
              "suites": [],
              "passes": [
                "b496c332-ee58-4e69-aa3b-68a452dac191"
              ],
              "failures": [],
              "pending": [],
              "skipped": [],
              "duration": 904,
              "root": false,
              "rootEmpty": false,
              "_timeout": 5000
            }
          ],
          "passes": [],
          "failures": [],
          "pending": [],
          "skipped": [],
          "duration": 0,
          "root": false,
          "rootEmpty": false,
          "_timeout": 5000
        },
        {
          "uuid": "e50752bc-d65d-426d-ad1f-a7948fcd8cd5",
          "title": "Get Users suite",
          "fullFile": "/home/runner/work/supertest-project/supertest-project/test/1_GetUsers.js",
          "file": "/test/1_GetUsers.js",
          "beforeHooks": [],
          "afterHooks": [],
          "tests": [],
          "suites": [
            {
              "uuid": "f069b707-fbd2-41b4-8c7e-562c92613a84",
              "title": "",
              "fullFile": "/home/runner/work/supertest-project/supertest-project/test/1_GetUsers.js",
              "file": "/test/1_GetUsers.js",
              "beforeHooks": [],
              "afterHooks": [],
              "tests": [
                {
                  "title": "Get all users",
                  "fullTitle": "Get Users suite  Get all users",
                  "timedOut": false,
                  "duration": 850,
                  "state": "passed",
                  "speed": "slow",
                  "pass": true,
                  "fail": false,
                  "pending": false,
                  "context": null,
                  "code": "var self = this, args = arguments; return new Promise(function (resolve, reject) { var gen = fn.apply(self, args); function _next(value) { asyncGeneratorStep(gen, resolve, reject, _next, _throw, \"next\", value); } function _throw(err) { asyncGeneratorStep(gen, resolve, reject, _next, _throw, \"throw\", err); } _next(undefined); });",
                  "err": {},
                  "uuid": "118819cf-118b-43bf-98ef-dfb4ffbd7524",
                  "parentUUID": "f069b707-fbd2-41b4-8c7e-562c92613a84",
                  "isHook": false,
                  "skipped": false
                },
                {
                  "title": "Get specific user",
                  "fullTitle": "Get Users suite  Get specific user",
                  "timedOut": false,
                  "duration": 809,
                  "state": "passed",
                  "speed": "slow",
                  "pass": true,
                  "fail": false,
                  "pending": false,
                  "context": null,
                  "code": "var self = this, args = arguments; return new Promise(function (resolve, reject) { var gen = fn.apply(self, args); function _next(value) { asyncGeneratorStep(gen, resolve, reject, _next, _throw, \"next\", value); } function _throw(err) { asyncGeneratorStep(gen, resolve, reject, _next, _throw, \"throw\", err); } _next(undefined); });",
                  "err": {},
                  "uuid": "49f433d8-5712-43a1-978d-31341bfd557f",
                  "parentUUID": "f069b707-fbd2-41b4-8c7e-562c92613a84",
                  "isHook": false,
                  "skipped": false
                },
                {
                  "title": "Get with query params",
                  "fullTitle": "Get Users suite  Get with query params",
                  "timedOut": false,
                  "duration": 321,
                  "state": "passed",
                  "speed": "slow",
                  "pass": true,
                  "fail": false,
                  "pending": false,
                  "context": null,
                  "code": "var self = this, args = arguments; return new Promise(function (resolve, reject) { var gen = fn.apply(self, args); function _next(value) { asyncGeneratorStep(gen, resolve, reject, _next, _throw, \"next\", value); } function _throw(err) { asyncGeneratorStep(gen, resolve, reject, _next, _throw, \"throw\", err); } _next(undefined); });",
                  "err": {},
                  "uuid": "9dd1e90f-c064-43c8-84f5-455d13285109",
                  "parentUUID": "f069b707-fbd2-41b4-8c7e-562c92613a84",
                  "isHook": false,
                  "skipped": false
                }
              ],
              "suites": [],
              "passes": [
                "118819cf-118b-43bf-98ef-dfb4ffbd7524",
                "49f433d8-5712-43a1-978d-31341bfd557f",
                "9dd1e90f-c064-43c8-84f5-455d13285109"
              ],
              "failures": [],
              "pending": [],
              "skipped": [],
              "duration": 1980,
              "root": false,
              "rootEmpty": false,
              "_timeout": 5000
            }
          ],
          "passes": [],
          "failures": [],
          "pending": [],
          "skipped": [],
          "duration": 0,
          "root": false,
          "rootEmpty": false,
          "_timeout": 5000
        },
        {
          "uuid": "319373f5-8826-4c18-ae67-4085c4507f93",
          "title": "Post user suite",
          "fullFile": "/home/runner/work/supertest-project/supertest-project/test/2_PostUsers.js",
          "file": "/test/2_PostUsers.js",
          "beforeHooks": [],
          "afterHooks": [],
          "tests": [],
          "suites": [
            {
              "uuid": "9e431be2-294f-429a-8572-5376f6d4c0c5",
              "title": "",
              "fullFile": "/home/runner/work/supertest-project/supertest-project/test/2_PostUsers.js",
              "file": "/test/2_PostUsers.js",
              "beforeHooks": [],
              "afterHooks": [],
              "tests": [
                {
                  "title": "Post - Create a user",
                  "fullTitle": "Post user suite  Post - Create a user",
                  "timedOut": false,
                  "duration": 858,
                  "state": "passed",
                  "speed": "slow",
                  "pass": true,
                  "fail": false,
                  "pending": false,
                  "context": null,
                  "code": "var email = _faker.faker.internet.email();\nvar data = {\n  email: email,\n  name: _faker.faker.internet.userName(),\n  gender: 'male',\n  status: 'inactive'\n};\nreturn request.post('/users').set(\"Authorization\", \"Bearer \".concat(TOKEN)).send(data).then(function (res) {\n  // console.log(res.body);\n  (0, _chai.expect)(res.body.data.email).to.eq(email);\n  (0, _chai.expect)(res.body.data.status).to.eq('inactive');\n  (0, _chai.expect)(res.body.data.gender).to.eq('male');\n  // expect(res.body.data.id).to.equal(4108);\n  // data.email = \"invalid\";\n  (0, _chai.expect)(res.body.data).to.deep.include(data);\n});",
                  "err": {},
                  "uuid": "97f52a0a-85ea-4748-a3a7-343f3f2f436a",
                  "parentUUID": "9e431be2-294f-429a-8572-5376f6d4c0c5",
                  "isHook": false,
                  "skipped": false
                }
              ],
              "suites": [],
              "passes": [
                "97f52a0a-85ea-4748-a3a7-343f3f2f436a"
              ],
              "failures": [],
              "pending": [],
              "skipped": [],
              "duration": 858,
              "root": false,
              "rootEmpty": false,
              "_timeout": 5000
            }
          ],
          "passes": [],
          "failures": [],
          "pending": [],
          "skipped": [],
          "duration": 0,
          "root": false,
          "rootEmpty": false,
          "_timeout": 5000
        },
        {
          "uuid": "aa414231-fe42-48a0-a82e-9232ec947380",
          "title": "Put user suite ",
          "fullFile": "/home/runner/work/supertest-project/supertest-project/test/3_PutUsers.js",
          "file": "/test/3_PutUsers.js",
          "beforeHooks": [],
          "afterHooks": [],
          "tests": [],
          "suites": [
            {
              "uuid": "f72a037b-93d1-406a-9f93-cb314ff4c4be",
              "title": "",
              "fullFile": "/home/runner/work/supertest-project/supertest-project/test/3_PutUsers.js",
              "file": "/test/3_PutUsers.js",
              "beforeHooks": [],
              "afterHooks": [],
              "tests": [
                {
                  "title": "Post - Create a user",
                  "fullTitle": "Put user suite   Post - Create a user",
                  "timedOut": false,
                  "duration": 874,
                  "state": "passed",
                  "speed": "slow",
                  "pass": true,
                  "fail": false,
                  "pending": false,
                  "context": null,
                  "code": "var email = _faker.faker.internet.email();\nvar data = {\n  email: email,\n  name: _faker.faker.internet.userName(),\n  gender: 'male',\n  status: 'inactive'\n};\nreturn request.post('/users').set(\"Authorization\", \"Bearer \".concat(TOKEN)).send(data).then(function (res) {\n  userId = res.body.data.id;\n});",
                  "err": {},
                  "uuid": "6ac63352-79cd-42f5-861c-a4d9ff1690bf",
                  "parentUUID": "f72a037b-93d1-406a-9f93-cb314ff4c4be",
                  "isHook": false,
                  "skipped": false
                },
                {
                  "title": "Put - Update a user",
                  "fullTitle": "Put user suite   Put - Update a user",
                  "timedOut": false,
                  "duration": 912,
                  "state": "passed",
                  "speed": "slow",
                  "pass": true,
                  "fail": false,
                  "pending": false,
                  "context": null,
                  "code": "var email = _faker.faker.internet.email();\nvar data = {\n  email: email,\n  name: _faker.faker.internet.userName(),\n  gender: 'female',\n  status: 'active'\n};\nreturn request.put('/users/' + userId).set(\"Authorization\", \"Bearer \".concat(TOKEN)).send(data).then(function (res) {\n  // console.log(res.body);\n  // expect(res.body.data.email).to.eq(email);\n  (0, _chai.expect)(res.body.data).to.deep.include(data);\n});",
                  "err": {},
                  "uuid": "4d742881-2960-4116-be5b-4e9e0caee63e",
                  "parentUUID": "f72a037b-93d1-406a-9f93-cb314ff4c4be",
                  "isHook": false,
                  "skipped": false
                }
              ],
              "suites": [],
              "passes": [
                "6ac63352-79cd-42f5-861c-a4d9ff1690bf",
                "4d742881-2960-4116-be5b-4e9e0caee63e"
              ],
              "failures": [],
              "pending": [],
              "skipped": [],
              "duration": 1786,
              "root": false,
              "rootEmpty": false,
              "_timeout": 5000
            }
          ],
          "passes": [],
          "failures": [],
          "pending": [],
          "skipped": [],
          "duration": 0,
          "root": false,
          "rootEmpty": false,
          "_timeout": 5000
        },
        {
          "uuid": "96208adb-7f35-447d-8f6d-1ca9227f7d45",
          "title": "Delete user suite ",
          "fullFile": "/home/runner/work/supertest-project/supertest-project/test/4_DeleteUser.js",
          "file": "/test/4_DeleteUser.js",
          "beforeHooks": [],
          "afterHooks": [],
          "tests": [],
          "suites": [
            {
              "uuid": "46de131a-69f7-4c3d-9fd8-7d74643c5e15",
              "title": "",
              "fullFile": "/home/runner/work/supertest-project/supertest-project/test/4_DeleteUser.js",
              "file": "/test/4_DeleteUser.js",
              "beforeHooks": [],
              "afterHooks": [],
              "tests": [
                {
                  "title": "Post - Create a user",
                  "fullTitle": "Delete user suite   Post - Create a user",
                  "timedOut": false,
                  "duration": 915,
                  "state": "passed",
                  "speed": "slow",
                  "pass": true,
                  "fail": false,
                  "pending": false,
                  "context": null,
                  "code": "var email = _faker.faker.internet.email();\nvar data = {\n  email: email,\n  name: _faker.faker.internet.userName(),\n  gender: 'male',\n  status: 'inactive'\n};\nreturn request.post('/users').set(\"Authorization\", \"Bearer \".concat(TOKEN)).send(data).then(function (res) {\n  userId = res.body.data.id;\n});",
                  "err": {},
                  "uuid": "c6937118-0132-43c5-9188-14165951c18b",
                  "parentUUID": "46de131a-69f7-4c3d-9fd8-7d74643c5e15",
                  "isHook": false,
                  "skipped": false
                },
                {
                  "title": "Delete - delete a user",
                  "fullTitle": "Delete user suite   Delete - delete a user",
                  "timedOut": false,
                  "duration": 335,
                  "state": "passed",
                  "speed": "slow",
                  "pass": true,
                  "fail": false,
                  "pending": false,
                  "context": null,
                  "code": "return request[\"delete\"]('/users/' + userId).set(\"Authorization\", \"Bearer \".concat(TOKEN)).then(function (res) {\n  // console.log(res.body);\n  // verify response has no error msg in data field\n  (0, _chai.expect)(res.body.data).to.eq(null);\n  // expect(res.body.data).to.deep.include(data);\n});",
                  "err": {},
                  "uuid": "1c15731e-d4e0-4dc1-a1e3-9abd8d46cb49",
                  "parentUUID": "46de131a-69f7-4c3d-9fd8-7d74643c5e15",
                  "isHook": false,
                  "skipped": false
                }
              ],
              "suites": [],
              "passes": [
                "c6937118-0132-43c5-9188-14165951c18b",
                "1c15731e-d4e0-4dc1-a1e3-9abd8d46cb49"
              ],
              "failures": [],
              "pending": [],
              "skipped": [],
              "duration": 1250,
              "root": false,
              "rootEmpty": false,
              "_timeout": 5000
            }
          ],
          "passes": [],
          "failures": [],
          "pending": [],
          "skipped": [],
          "duration": 0,
          "root": false,
          "rootEmpty": false,
          "_timeout": 5000
        },
        {
          "uuid": "e128e628-4c2c-4b5a-9692-cbb1a05dd0b5",
          "title": "Post user suite - Async Await example",
          "fullFile": "/home/runner/work/supertest-project/supertest-project/test/5_CreateBlogPost_AsyncAwait copy.js",
          "file": "/test/5_CreateBlogPost_AsyncAwait copy.js",
          "beforeHooks": [],
          "afterHooks": [],
          "tests": [],
          "suites": [
            {
              "uuid": "ca886dd7-1721-4350-bf91-1d1b88208cef",
              "title": "",
              "fullFile": "/home/runner/work/supertest-project/supertest-project/test/5_CreateBlogPost_AsyncAwait copy.js",
              "file": "/test/5_CreateBlogPost_AsyncAwait copy.js",
              "beforeHooks": [],
              "afterHooks": [],
              "tests": [
                {
                  "title": "First - Create a user",
                  "fullTitle": "Post user suite - Async Await example  First - Create a user",
                  "timedOut": false,
                  "duration": 345,
                  "state": "passed",
                  "speed": "slow",
                  "pass": true,
                  "fail": false,
                  "pending": false,
                  "context": null,
                  "code": "var self = this, args = arguments; return new Promise(function (resolve, reject) { var gen = fn.apply(self, args); function _next(value) { asyncGeneratorStep(gen, resolve, reject, _next, _throw, \"next\", value); } function _throw(err) { asyncGeneratorStep(gen, resolve, reject, _next, _throw, \"throw\", err); } _next(undefined); });",
                  "err": {},
                  "uuid": "64a8e947-ef96-42bb-9532-b955fdec264f",
                  "parentUUID": "ca886dd7-1721-4350-bf91-1d1b88208cef",
                  "isHook": false,
                  "skipped": false
                },
                {
                  "title": "Post - Create a Blog post",
                  "fullTitle": "Post user suite - Async Await example  Post - Create a Blog post",
                  "timedOut": false,
                  "duration": 344,
                  "state": "passed",
                  "speed": "slow",
                  "pass": true,
                  "fail": false,
                  "pending": false,
                  "context": null,
                  "code": "var self = this, args = arguments; return new Promise(function (resolve, reject) { var gen = fn.apply(self, args); function _next(value) { asyncGeneratorStep(gen, resolve, reject, _next, _throw, \"next\", value); } function _throw(err) { asyncGeneratorStep(gen, resolve, reject, _next, _throw, \"throw\", err); } _next(undefined); });",
                  "err": {},
                  "uuid": "004f0aa7-432c-4cb8-8336-25ab275e6cd3",
                  "parentUUID": "ca886dd7-1721-4350-bf91-1d1b88208cef",
                  "isHook": false,
                  "skipped": false
                },
                {
                  "title": "Get - Post with id",
                  "fullTitle": "Post user suite - Async Await example  Get - Post with id",
                  "timedOut": false,
                  "duration": 837,
                  "state": "passed",
                  "speed": "slow",
                  "pass": true,
                  "fail": false,
                  "pending": false,
                  "context": null,
                  "code": "var self = this, args = arguments; return new Promise(function (resolve, reject) { var gen = fn.apply(self, args); function _next(value) { asyncGeneratorStep(gen, resolve, reject, _next, _throw, \"next\", value); } function _throw(err) { asyncGeneratorStep(gen, resolve, reject, _next, _throw, \"throw\", err); } _next(undefined); });",
                  "err": {},
                  "uuid": "2861c277-286d-4b61-b731-efbb0a2da47b",
                  "parentUUID": "ca886dd7-1721-4350-bf91-1d1b88208cef",
                  "isHook": false,
                  "skipped": false
                }
              ],
              "suites": [],
              "passes": [
                "64a8e947-ef96-42bb-9532-b955fdec264f",
                "004f0aa7-432c-4cb8-8336-25ab275e6cd3",
                "2861c277-286d-4b61-b731-efbb0a2da47b"
              ],
              "failures": [],
              "pending": [],
              "skipped": [],
              "duration": 1526,
              "root": false,
              "rootEmpty": false,
              "_timeout": 5000
            }
          ],
          "passes": [],
          "failures": [],
          "pending": [],
          "skipped": [],
          "duration": 0,
          "root": false,
          "rootEmpty": false,
          "_timeout": 5000
        },
        {
          "uuid": "ad0789a5-5c44-4d0a-b79c-c5b8c8985b0d",
          "title": "Before hook example, Post user suite",
          "fullFile": "/home/runner/work/supertest-project/supertest-project/test/6_HooksEx_AsyncAwait copy.js",
          "file": "/test/6_HooksEx_AsyncAwait copy.js",
          "beforeHooks": [
            {
              "title": "\"before all\" hook in \"Before hook example, Post user suite\"",
              "fullTitle": "Before hook example, Post user suite \"before all\" hook in \"Before hook example, Post user suite\"",
              "timedOut": false,
              "duration": 857,
              "state": null,
              "speed": null,
              "pass": false,
              "fail": false,
              "pending": false,
              "context": null,
              "code": "var self = this, args = arguments; return new Promise(function (resolve, reject) { var gen = fn.apply(self, args); function _next(value) { asyncGeneratorStep(gen, resolve, reject, _next, _throw, \"next\", value); } function _throw(err) { asyncGeneratorStep(gen, resolve, reject, _next, _throw, \"throw\", err); } _next(undefined); });",
              "err": {},
              "uuid": "0da7df2a-a621-43b0-80cb-879a264b482c",
              "parentUUID": "ad0789a5-5c44-4d0a-b79c-c5b8c8985b0d",
              "isHook": true,
              "skipped": false
            }
          ],
          "afterHooks": [],
          "tests": [],
          "suites": [
            {
              "uuid": "d462af24-913a-423a-9953-e1aaacc7af92",
              "title": "",
              "fullFile": "/home/runner/work/supertest-project/supertest-project/test/6_HooksEx_AsyncAwait copy.js",
              "file": "/test/6_HooksEx_AsyncAwait copy.js",
              "beforeHooks": [],
              "afterHooks": [],
              "tests": [
                {
                  "title": "Post - Create a Blog post",
                  "fullTitle": "Before hook example, Post user suite  Post - Create a Blog post",
                  "timedOut": false,
                  "duration": 836,
                  "state": "passed",
                  "speed": "slow",
                  "pass": true,
                  "fail": false,
                  "pending": false,
                  "context": null,
                  "code": "var self = this, args = arguments; return new Promise(function (resolve, reject) { var gen = fn.apply(self, args); function _next(value) { asyncGeneratorStep(gen, resolve, reject, _next, _throw, \"next\", value); } function _throw(err) { asyncGeneratorStep(gen, resolve, reject, _next, _throw, \"throw\", err); } _next(undefined); });",
                  "err": {},
                  "uuid": "bac88238-82ef-46b3-a6ad-169451ed1e6c",
                  "parentUUID": "d462af24-913a-423a-9953-e1aaacc7af92",
                  "isHook": false,
                  "skipped": false
                },
                {
                  "title": "Get - Post with id",
                  "fullTitle": "Before hook example, Post user suite  Get - Post with id",
                  "timedOut": false,
                  "duration": 835,
                  "state": "passed",
                  "speed": "slow",
                  "pass": true,
                  "fail": false,
                  "pending": false,
                  "context": null,
                  "code": "var self = this, args = arguments; return new Promise(function (resolve, reject) { var gen = fn.apply(self, args); function _next(value) { asyncGeneratorStep(gen, resolve, reject, _next, _throw, \"next\", value); } function _throw(err) { asyncGeneratorStep(gen, resolve, reject, _next, _throw, \"throw\", err); } _next(undefined); });",
                  "err": {},
                  "uuid": "be168012-9a51-4653-9f9a-2f105a4f5058",
                  "parentUUID": "d462af24-913a-423a-9953-e1aaacc7af92",
                  "isHook": false,
                  "skipped": false
                }
              ],
              "suites": [],
              "passes": [
                "bac88238-82ef-46b3-a6ad-169451ed1e6c",
                "be168012-9a51-4653-9f9a-2f105a4f5058"
              ],
              "failures": [],
              "pending": [],
              "skipped": [],
              "duration": 1671,
              "root": false,
              "rootEmpty": false,
              "_timeout": 5000
            }
          ],
          "passes": [],
          "failures": [],
          "pending": [],
          "skipped": [],
          "duration": 0,
          "root": false,
          "rootEmpty": false,
          "_timeout": 5000
        },
        {
          "uuid": "75ad76b2-b36f-482a-8eb0-c4c24700ff8b",
          "title": "Helper Method, Post user suite",
          "fullFile": "/home/runner/work/supertest-project/supertest-project/test/7_HelperMethod_Example.js",
          "file": "/test/7_HelperMethod_Example.js",
          "beforeHooks": [
            {
              "title": "\"before all\" hook in \"Helper Method, Post user suite\"",
              "fullTitle": "Helper Method, Post user suite \"before all\" hook in \"Helper Method, Post user suite\"",
              "timedOut": false,
              "duration": 851,
              "state": null,
              "speed": null,
              "pass": false,
              "fail": false,
              "pending": false,
              "context": null,
              "code": "var self = this, args = arguments; return new Promise(function (resolve, reject) { var gen = fn.apply(self, args); function _next(value) { asyncGeneratorStep(gen, resolve, reject, _next, _throw, \"next\", value); } function _throw(err) { asyncGeneratorStep(gen, resolve, reject, _next, _throw, \"throw\", err); } _next(undefined); });",
              "err": {},
              "uuid": "d47af2f1-79b0-4fb9-9d87-55c1a6a063b9",
              "parentUUID": "75ad76b2-b36f-482a-8eb0-c4c24700ff8b",
              "isHook": true,
              "skipped": false
            }
          ],
          "afterHooks": [],
          "tests": [],
          "suites": [
            {
              "uuid": "aee521de-a81c-49f7-aef8-f3e16e0e31bd",
              "title": "",
              "fullFile": "/home/runner/work/supertest-project/supertest-project/test/7_HelperMethod_Example.js",
              "file": "/test/7_HelperMethod_Example.js",
              "beforeHooks": [],
              "afterHooks": [],
              "tests": [
                {
                  "title": "Post - Create a Blog post",
                  "fullTitle": "Helper Method, Post user suite  Post - Create a Blog post",
                  "timedOut": false,
                  "duration": 884,
                  "state": "passed",
                  "speed": "slow",
                  "pass": true,
                  "fail": false,
                  "pending": false,
                  "context": null,
                  "code": "var self = this, args = arguments; return new Promise(function (resolve, reject) { var gen = fn.apply(self, args); function _next(value) { asyncGeneratorStep(gen, resolve, reject, _next, _throw, \"next\", value); } function _throw(err) { asyncGeneratorStep(gen, resolve, reject, _next, _throw, \"throw\", err); } _next(undefined); });",
                  "err": {},
                  "uuid": "9ed49383-ad26-4021-8807-4aaeaf150bfa",
                  "parentUUID": "aee521de-a81c-49f7-aef8-f3e16e0e31bd",
                  "isHook": false,
                  "skipped": false
                },
                {
                  "title": "Get - Post with id",
                  "fullTitle": "Helper Method, Post user suite  Get - Post with id",
                  "timedOut": false,
                  "duration": 851,
                  "state": "passed",
                  "speed": "slow",
                  "pass": true,
                  "fail": false,
                  "pending": false,
                  "context": null,
                  "code": "var self = this, args = arguments; return new Promise(function (resolve, reject) { var gen = fn.apply(self, args); function _next(value) { asyncGeneratorStep(gen, resolve, reject, _next, _throw, \"next\", value); } function _throw(err) { asyncGeneratorStep(gen, resolve, reject, _next, _throw, \"throw\", err); } _next(undefined); });",
                  "err": {},
                  "uuid": "6e591c45-cda6-4118-a837-75b54e4362d0",
                  "parentUUID": "aee521de-a81c-49f7-aef8-f3e16e0e31bd",
                  "isHook": false,
                  "skipped": false
                }
              ],
              "suites": [],
              "passes": [
                "9ed49383-ad26-4021-8807-4aaeaf150bfa",
                "6e591c45-cda6-4118-a837-75b54e4362d0"
              ],
              "failures": [],
              "pending": [],
              "skipped": [],
              "duration": 1735,
              "root": false,
              "rootEmpty": false,
              "_timeout": 5000
            }
          ],
          "passes": [],
          "failures": [],
          "pending": [],
          "skipped": [],
          "duration": 0,
          "root": false,
          "rootEmpty": false,
          "_timeout": 5000
        },
        {
          "uuid": "a02ba254-f013-46df-a12f-b7f32e3505c2",
          "title": "Negative Tests suite",
          "fullFile": "/home/runner/work/supertest-project/supertest-project/test/8_NegativeTest_Post.js",
          "file": "/test/8_NegativeTest_Post.js",
          "beforeHooks": [],
          "afterHooks": [],
          "tests": [],
          "suites": [
            {
              "uuid": "b0c33ce6-c103-447b-99c8-790e2453dae7",
              "title": "",
              "fullFile": "/home/runner/work/supertest-project/supertest-project/test/8_NegativeTest_Post.js",
              "file": "/test/8_NegativeTest_Post.js",
              "beforeHooks": [],
              "afterHooks": [],
              "tests": [
                {
                  "title": "Post - Create a user without token",
                  "fullTitle": "Negative Tests suite  Post - Create a user without token",
                  "timedOut": false,
                  "duration": 292,
                  "state": "passed",
                  "speed": "slow",
                  "pass": true,
                  "fail": false,
                  "pending": false,
                  "context": null,
                  "code": "var self = this, args = arguments; return new Promise(function (resolve, reject) { var gen = fn.apply(self, args); function _next(value) { asyncGeneratorStep(gen, resolve, reject, _next, _throw, \"next\", value); } function _throw(err) { asyncGeneratorStep(gen, resolve, reject, _next, _throw, \"throw\", err); } _next(undefined); });",
                  "err": {},
                  "uuid": "2c870ec9-d77d-4668-8e16-78f97dc503e3",
                  "parentUUID": "b0c33ce6-c103-447b-99c8-790e2453dae7",
                  "isHook": false,
                  "skipped": false
                },
                {
                  "title": "Post - Create a user without body",
                  "fullTitle": "Negative Tests suite  Post - Create a user without body",
                  "timedOut": false,
                  "duration": 320,
                  "state": "passed",
                  "speed": "slow",
                  "pass": true,
                  "fail": false,
                  "pending": false,
                  "context": null,
                  "code": "var self = this, args = arguments; return new Promise(function (resolve, reject) { var gen = fn.apply(self, args); function _next(value) { asyncGeneratorStep(gen, resolve, reject, _next, _throw, \"next\", value); } function _throw(err) { asyncGeneratorStep(gen, resolve, reject, _next, _throw, \"throw\", err); } _next(undefined); });",
                  "err": {},
                  "uuid": "f2fe47e7-3d1e-48f9-8dbc-e4a7dcb54e05",
                  "parentUUID": "b0c33ce6-c103-447b-99c8-790e2453dae7",
                  "isHook": false,
                  "skipped": false
                }
              ],
              "suites": [],
              "passes": [
                "2c870ec9-d77d-4668-8e16-78f97dc503e3",
                "f2fe47e7-3d1e-48f9-8dbc-e4a7dcb54e05"
              ],
              "failures": [],
              "pending": [],
              "skipped": [],
              "duration": 612,
              "root": false,
              "rootEmpty": false,
              "_timeout": 5000
            }
          ],
          "passes": [],
          "failures": [],
          "pending": [],
          "skipped": [],
          "duration": 0,
          "root": false,
          "rootEmpty": false,
          "_timeout": 5000
        },
        {
          "uuid": "e743708e-f0f5-4b0d-9027-32125ba3c880",
          "title": "Config changes -  suite",
          "fullFile": "/home/runner/work/supertest-project/supertest-project/test/9_ConfigChanges.js",
          "file": "/test/9_ConfigChanges.js",
          "beforeHooks": [],
          "afterHooks": [],
          "tests": [],
          "suites": [
            {
              "uuid": "86c26116-812d-467e-b060-6044596b13cf",
              "title": "",
              "fullFile": "/home/runner/work/supertest-project/supertest-project/test/9_ConfigChanges.js",
              "file": "/test/9_ConfigChanges.js",
              "beforeHooks": [],
              "afterHooks": [],
              "tests": [
                {
                  "title": "Common Config example - Create a user",
                  "fullTitle": "Config changes -  suite  Common Config example - Create a user",
                  "timedOut": false,
                  "duration": 829,
                  "state": "passed",
                  "speed": "slow",
                  "pass": true,
                  "fail": false,
                  "pending": false,
                  "context": null,
                  "code": "var email = _faker.faker.internet.email();\nvar data = {\n  email: email,\n  name: _faker.faker.internet.userName(),\n  gender: 'male',\n  status: 'inactive'\n};\nreturn _common[\"default\"].post('/users').set(\"Authorization\", \"Bearer \".concat(TOKEN)).send(data).then(function (res) {\n  // console.log(res.body);\n  (0, _chai.expect)(res.body.data.email).to.eq(email);\n  (0, _chai.expect)(res.body.data.status).to.eq('inactive');\n  (0, _chai.expect)(res.body.data.gender).to.eq('male');\n  // expect(res.body.data.id).to.equal(4108);\n  // data.email = \"invalid\";\n  (0, _chai.expect)(res.body.data).to.deep.include(data);\n});",
                  "err": {},
                  "uuid": "6bad58bc-ed68-4917-85ce-d18f810a6997",
                  "parentUUID": "86c26116-812d-467e-b060-6044596b13cf",
                  "isHook": false,
                  "skipped": false
                }
              ],
              "suites": [],
              "passes": [
                "6bad58bc-ed68-4917-85ce-d18f810a6997"
              ],
              "failures": [],
              "pending": [],
              "skipped": [],
              "duration": 829,
              "root": false,
              "rootEmpty": false,
              "_timeout": 5000
            }
          ],
          "passes": [],
          "failures": [],
          "pending": [],
          "skipped": [],
          "duration": 0,
          "root": false,
          "rootEmpty": false,
          "_timeout": 5000
        }
      ],
      "passes": [],
      "failures": [],
      "pending": [],
      "skipped": [],
      "duration": 0,
      "root": true,
      "rootEmpty": true,
      "_timeout": 5000
    }
  ],
  "meta": {
    "mocha": {
      "version": "10.2.0"
    },
    "mochawesome": {
      "options": {
        "quiet": false,
        "reportFilename": "mochawesome",
        "saveHtml": true,
        "saveJson": true,
        "consoleReporter": "spec",
        "useInlineDiffs": false,
        "code": true
      },
      "version": "7.1.3"
    },
    "marge": {
      "options": null,
      "version": "6.2.0"
    }
  }
}