{
  "stats": {
    "suites": 20,
    "tests": 19,
    "passes": 19,
    "pending": 0,
    "failures": 0,
    "start": "2022-08-20T08:16:58.968Z",
    "end": "2022-08-20T08:17:18.918Z",
    "duration": 19950,
    "testsRegistered": 19,
    "passPercent": 100,
    "pendingPercent": 0,
    "other": 0,
    "hasOther": false,
    "skipped": 0,
    "hasSkipped": false
  },
  "results": [
    {
      "uuid": "6e59a968-7164-4b5d-887a-25f3671e3751",
      "title": "",
      "fullFile": "",
      "file": "",
      "beforeHooks": [],
      "afterHooks": [],
      "tests": [],
      "suites": [
        {
          "uuid": "274b0dd8-9595-4e4b-85c6-c83783eee6a3",
          "title": "Env variable Token",
          "fullFile": "/Users/sriramku/projects/supertest-project/test/10_EnvVariableExample.js",
          "file": "/test/10_EnvVariableExample.js",
          "beforeHooks": [],
          "afterHooks": [],
          "tests": [],
          "suites": [
            {
              "uuid": "3886a0b7-ee91-45b1-a3da-5178b28f50e5",
              "title": "",
              "fullFile": "/Users/sriramku/projects/supertest-project/test/10_EnvVariableExample.js",
              "file": "/test/10_EnvVariableExample.js",
              "beforeHooks": [],
              "afterHooks": [],
              "tests": [
                {
                  "title": "Env Token - Create a user",
                  "fullTitle": "Env variable Token  Env Token - Create a user",
                  "timedOut": false,
                  "duration": 927,
                  "state": "passed",
                  "speed": "slow",
                  "pass": true,
                  "fail": false,
                  "pending": false,
                  "context": null,
                  "code": "var email = _faker.faker.internet.email();\nvar data = {\n  email: email,\n  name: _faker.faker.internet.userName(),\n  gender: 'male',\n  status: 'inactive'\n};\nreturn _common[\"default\"].post('/users').set(\"Authorization\", \"Bearer \".concat(TOKEN)).send(data).then(function (res) {\n  // console.log(res.body);\n  (0, _chai.expect)(res.body.data.email).to.eq(email);\n  (0, _chai.expect)(res.body.data.status).to.eq('inactive');\n  (0, _chai.expect)(res.body.data.gender).to.eq('male'); // expect(res.body.data.id).to.equal(4108);\n  // data.email = \"invalid\";\n  (0, _chai.expect)(res.body.data).to.deep.include(data);\n});",
                  "err": {},
                  "uuid": "63688e3c-03ec-41cd-b50d-7e78a0b503c9",
                  "parentUUID": "3886a0b7-ee91-45b1-a3da-5178b28f50e5",
                  "isHook": false,
                  "skipped": false
                }
              ],
              "suites": [],
              "passes": [
                "63688e3c-03ec-41cd-b50d-7e78a0b503c9"
              ],
              "failures": [],
              "pending": [],
              "skipped": [],
              "duration": 927,
              "root": false,
              "rootEmpty": false,
              "_timeout": 5000
            }
          ],
          "passes": [],
          "failures": [],
          "pending": [],
          "skipped": [],
          "duration": 0,
          "root": false,
          "rootEmpty": false,
          "_timeout": 5000
        },
        {
          "uuid": "4763ac77-669b-4207-b999-227f515cdd64",
          "title": "Get Users suite",
          "fullFile": "/Users/sriramku/projects/supertest-project/test/1_GetUsers.js",
          "file": "/test/1_GetUsers.js",
          "beforeHooks": [],
          "afterHooks": [],
          "tests": [],
          "suites": [
            {
              "uuid": "6f86a141-52f5-4dcd-96da-1c98f89d64ba",
              "title": "",
              "fullFile": "/Users/sriramku/projects/supertest-project/test/1_GetUsers.js",
              "file": "/test/1_GetUsers.js",
              "beforeHooks": [],
              "afterHooks": [],
              "tests": [
                {
                  "title": "Get all users",
                  "fullTitle": "Get Users suite  Get all users",
                  "timedOut": false,
                  "duration": 1,
                  "state": "passed",
                  "speed": "fast",
                  "pass": true,
                  "fail": false,
                  "pending": false,
                  "context": null,
                  "code": "request.get('/users').end(function (err, res) {\n  // console.log(err);\n  // console.log(res.body);\n  (0, _chai.expect)(res.body.data).to.not.be.empty; //for a diff api https://gorest.co.in/public/v2/users\n  //if response is array\n  // expect(res.body.length).to.be.greaterThan(0);\n  // expect(res.body.length).to.be.greaterThan(100);\n});",
                  "err": {},
                  "uuid": "2ec07b6c-adf8-4dd1-8489-132660c4b771",
                  "parentUUID": "6f86a141-52f5-4dcd-96da-1c98f89d64ba",
                  "isHook": false,
                  "skipped": false
                },
                {
                  "title": "Get specific user",
                  "fullTitle": "Get Users suite  Get specific user",
                  "timedOut": false,
                  "duration": 1,
                  "state": "passed",
                  "speed": "fast",
                  "pass": true,
                  "fail": false,
                  "pending": false,
                  "context": null,
                  "code": "request.get('/users/4108').end(function (err, res) {\n  // console.log(res.body);\n  (0, _chai.expect)(res.body.data).to.not.be.empty;\n  (0, _chai.expect)(res.body.data.id).to.equal(4108);\n});",
                  "err": {},
                  "uuid": "cbd129d1-e85d-4fc1-a507-8541c63c86fa",
                  "parentUUID": "6f86a141-52f5-4dcd-96da-1c98f89d64ba",
                  "isHook": false,
                  "skipped": false
                },
                {
                  "title": "Get with query params",
                  "fullTitle": "Get Users suite  Get with query params",
                  "timedOut": false,
                  "duration": 0,
                  "state": "passed",
                  "speed": "fast",
                  "pass": true,
                  "fail": false,
                  "pending": false,
                  "context": null,
                  "code": "var url = '/users?page=5&gender=female&status=active';\nrequest.get(url).end(function (err, res) {\n  // console.log(res.body);\n  (0, _chai.expect)(res.body.data).to.not.be.empty;\n  res.body.data.forEach(function (element) {\n    (0, _chai.expect)(element.gender).to.eq(\"female\");\n    (0, _chai.expect)(element.status).to.eq(\"active\");\n  });\n});",
                  "err": {},
                  "uuid": "c56b450c-6524-4462-9797-a467e4cd2dcd",
                  "parentUUID": "6f86a141-52f5-4dcd-96da-1c98f89d64ba",
                  "isHook": false,
                  "skipped": false
                }
              ],
              "suites": [],
              "passes": [
                "2ec07b6c-adf8-4dd1-8489-132660c4b771",
                "cbd129d1-e85d-4fc1-a507-8541c63c86fa",
                "c56b450c-6524-4462-9797-a467e4cd2dcd"
              ],
              "failures": [],
              "pending": [],
              "skipped": [],
              "duration": 2,
              "root": false,
              "rootEmpty": false,
              "_timeout": 5000
            }
          ],
          "passes": [],
          "failures": [],
          "pending": [],
          "skipped": [],
          "duration": 0,
          "root": false,
          "rootEmpty": false,
          "_timeout": 5000
        },
        {
          "uuid": "5c80297c-226d-4a05-b383-8bbe8d03c092",
          "title": "Post user suite",
          "fullFile": "/Users/sriramku/projects/supertest-project/test/2_PostUsers.js",
          "file": "/test/2_PostUsers.js",
          "beforeHooks": [],
          "afterHooks": [],
          "tests": [],
          "suites": [
            {
              "uuid": "18a343a9-0f92-40b3-a797-22bd6e0b7574",
              "title": "",
              "fullFile": "/Users/sriramku/projects/supertest-project/test/2_PostUsers.js",
              "file": "/test/2_PostUsers.js",
              "beforeHooks": [],
              "afterHooks": [],
              "tests": [
                {
                  "title": "Post - Create a user",
                  "fullTitle": "Post user suite  Post - Create a user",
                  "timedOut": false,
                  "duration": 1347,
                  "state": "passed",
                  "speed": "slow",
                  "pass": true,
                  "fail": false,
                  "pending": false,
                  "context": null,
                  "code": "var email = _faker.faker.internet.email();\nvar data = {\n  email: email,\n  name: _faker.faker.internet.userName(),\n  gender: 'male',\n  status: 'inactive'\n};\nreturn request.post('/users').set(\"Authorization\", \"Bearer \".concat(TOKEN)).send(data).then(function (res) {\n  // console.log(res.body);\n  (0, _chai.expect)(res.body.data.email).to.eq(email);\n  (0, _chai.expect)(res.body.data.status).to.eq('inactive');\n  (0, _chai.expect)(res.body.data.gender).to.eq('male'); // expect(res.body.data.id).to.equal(4108);\n  // data.email = \"invalid\";\n  (0, _chai.expect)(res.body.data).to.deep.include(data);\n});",
                  "err": {},
                  "uuid": "75b20733-e676-4348-81dc-1973c6e6e306",
                  "parentUUID": "18a343a9-0f92-40b3-a797-22bd6e0b7574",
                  "isHook": false,
                  "skipped": false
                }
              ],
              "suites": [],
              "passes": [
                "75b20733-e676-4348-81dc-1973c6e6e306"
              ],
              "failures": [],
              "pending": [],
              "skipped": [],
              "duration": 1347,
              "root": false,
              "rootEmpty": false,
              "_timeout": 5000
            }
          ],
          "passes": [],
          "failures": [],
          "pending": [],
          "skipped": [],
          "duration": 0,
          "root": false,
          "rootEmpty": false,
          "_timeout": 5000
        },
        {
          "uuid": "b8b12ebe-777a-4188-95eb-1703768dd8ff",
          "title": "Put user suite ",
          "fullFile": "/Users/sriramku/projects/supertest-project/test/3_PutUsers.js",
          "file": "/test/3_PutUsers.js",
          "beforeHooks": [],
          "afterHooks": [],
          "tests": [],
          "suites": [
            {
              "uuid": "33c6e6ec-b947-4d7f-9b63-9fd3da266dd2",
              "title": "",
              "fullFile": "/Users/sriramku/projects/supertest-project/test/3_PutUsers.js",
              "file": "/test/3_PutUsers.js",
              "beforeHooks": [],
              "afterHooks": [],
              "tests": [
                {
                  "title": "Post - Create a user",
                  "fullTitle": "Put user suite   Post - Create a user",
                  "timedOut": false,
                  "duration": 1131,
                  "state": "passed",
                  "speed": "slow",
                  "pass": true,
                  "fail": false,
                  "pending": false,
                  "context": null,
                  "code": "var email = _faker.faker.internet.email();\nvar data = {\n  email: email,\n  name: _faker.faker.internet.userName(),\n  gender: 'male',\n  status: 'inactive'\n};\nreturn request.post('/users').set(\"Authorization\", \"Bearer \".concat(TOKEN)).send(data).then(function (res) {\n  userId = res.body.data.id;\n});",
                  "err": {},
                  "uuid": "55300d69-ae85-4101-8d39-2423313d45b6",
                  "parentUUID": "33c6e6ec-b947-4d7f-9b63-9fd3da266dd2",
                  "isHook": false,
                  "skipped": false
                },
                {
                  "title": "Put - Update a user",
                  "fullTitle": "Put user suite   Put - Update a user",
                  "timedOut": false,
                  "duration": 1257,
                  "state": "passed",
                  "speed": "slow",
                  "pass": true,
                  "fail": false,
                  "pending": false,
                  "context": null,
                  "code": "var email = _faker.faker.internet.email();\nvar data = {\n  email: email,\n  name: _faker.faker.internet.userName(),\n  gender: 'female',\n  status: 'active'\n};\nreturn request.put('/users/' + userId).set(\"Authorization\", \"Bearer \".concat(TOKEN)).send(data).then(function (res) {\n  // console.log(res.body);\n  // expect(res.body.data.email).to.eq(email);\n  (0, _chai.expect)(res.body.data).to.deep.include(data);\n});",
                  "err": {},
                  "uuid": "d0da504e-e0e1-4273-84c9-33867b246bf8",
                  "parentUUID": "33c6e6ec-b947-4d7f-9b63-9fd3da266dd2",
                  "isHook": false,
                  "skipped": false
                }
              ],
              "suites": [],
              "passes": [
                "55300d69-ae85-4101-8d39-2423313d45b6",
                "d0da504e-e0e1-4273-84c9-33867b246bf8"
              ],
              "failures": [],
              "pending": [],
              "skipped": [],
              "duration": 2388,
              "root": false,
              "rootEmpty": false,
              "_timeout": 5000
            }
          ],
          "passes": [],
          "failures": [],
          "pending": [],
          "skipped": [],
          "duration": 0,
          "root": false,
          "rootEmpty": false,
          "_timeout": 5000
        },
        {
          "uuid": "2bb60ed8-9978-4fc3-a3b4-93d85dd61276",
          "title": "Delete user suite ",
          "fullFile": "/Users/sriramku/projects/supertest-project/test/4_DeleteUser.js",
          "file": "/test/4_DeleteUser.js",
          "beforeHooks": [],
          "afterHooks": [],
          "tests": [],
          "suites": [
            {
              "uuid": "164d363a-c3c9-47aa-ab39-0e48a0b5fb47",
              "title": "",
              "fullFile": "/Users/sriramku/projects/supertest-project/test/4_DeleteUser.js",
              "file": "/test/4_DeleteUser.js",
              "beforeHooks": [],
              "afterHooks": [],
              "tests": [
                {
                  "title": "Post - Create a user",
                  "fullTitle": "Delete user suite   Post - Create a user",
                  "timedOut": false,
                  "duration": 941,
                  "state": "passed",
                  "speed": "slow",
                  "pass": true,
                  "fail": false,
                  "pending": false,
                  "context": null,
                  "code": "var email = _faker.faker.internet.email();\nvar data = {\n  email: email,\n  name: _faker.faker.internet.userName(),\n  gender: 'male',\n  status: 'inactive'\n};\nreturn request.post('/users').set(\"Authorization\", \"Bearer \".concat(TOKEN)).send(data).then(function (res) {\n  userId = res.body.data.id;\n});",
                  "err": {},
                  "uuid": "c06f5c62-4284-4971-b0ff-f116669fb12b",
                  "parentUUID": "164d363a-c3c9-47aa-ab39-0e48a0b5fb47",
                  "isHook": false,
                  "skipped": false
                },
                {
                  "title": "Delete - delete a user",
                  "fullTitle": "Delete user suite   Delete - delete a user",
                  "timedOut": false,
                  "duration": 1279,
                  "state": "passed",
                  "speed": "slow",
                  "pass": true,
                  "fail": false,
                  "pending": false,
                  "context": null,
                  "code": "return request[\"delete\"]('/users/' + userId).set(\"Authorization\", \"Bearer \".concat(TOKEN)).then(function (res) {\n  // console.log(res.body);\n  // verify response has no error msg in data field\n  (0, _chai.expect)(res.body.data).to.eq(null); // expect(res.body.data).to.deep.include(data);\n});",
                  "err": {},
                  "uuid": "2400a35a-9e76-426b-8bcb-d2e737fbc5bb",
                  "parentUUID": "164d363a-c3c9-47aa-ab39-0e48a0b5fb47",
                  "isHook": false,
                  "skipped": false
                }
              ],
              "suites": [],
              "passes": [
                "c06f5c62-4284-4971-b0ff-f116669fb12b",
                "2400a35a-9e76-426b-8bcb-d2e737fbc5bb"
              ],
              "failures": [],
              "pending": [],
              "skipped": [],
              "duration": 2220,
              "root": false,
              "rootEmpty": false,
              "_timeout": 5000
            }
          ],
          "passes": [],
          "failures": [],
          "pending": [],
          "skipped": [],
          "duration": 0,
          "root": false,
          "rootEmpty": false,
          "_timeout": 5000
        },
        {
          "uuid": "c7536dcf-1d7b-43a2-bf8e-f466d91be865",
          "title": "Post user suite - Async Await example",
          "fullFile": "/Users/sriramku/projects/supertest-project/test/5_CreateBlogPost_AsyncAwait copy.js",
          "file": "/test/5_CreateBlogPost_AsyncAwait copy.js",
          "beforeHooks": [],
          "afterHooks": [],
          "tests": [],
          "suites": [
            {
              "uuid": "f1607028-afd0-4fb6-a16b-bf195a71c6b3",
              "title": "",
              "fullFile": "/Users/sriramku/projects/supertest-project/test/5_CreateBlogPost_AsyncAwait copy.js",
              "file": "/test/5_CreateBlogPost_AsyncAwait copy.js",
              "beforeHooks": [],
              "afterHooks": [],
              "tests": [
                {
                  "title": "First - Create a user",
                  "fullTitle": "Post user suite - Async Await example  First - Create a user",
                  "timedOut": false,
                  "duration": 1379,
                  "state": "passed",
                  "speed": "slow",
                  "pass": true,
                  "fail": false,
                  "pending": false,
                  "context": null,
                  "code": "var self = this, args = arguments; return new Promise(function (resolve, reject) { var gen = fn.apply(self, args); function _next(value) { asyncGeneratorStep(gen, resolve, reject, _next, _throw, \"next\", value); } function _throw(err) { asyncGeneratorStep(gen, resolve, reject, _next, _throw, \"throw\", err); } _next(undefined); });",
                  "err": {},
                  "uuid": "7f688565-0551-4343-9409-e0697419a104",
                  "parentUUID": "f1607028-afd0-4fb6-a16b-bf195a71c6b3",
                  "isHook": false,
                  "skipped": false
                },
                {
                  "title": "Post - Create a Blog post",
                  "fullTitle": "Post user suite - Async Await example  Post - Create a Blog post",
                  "timedOut": false,
                  "duration": 1093,
                  "state": "passed",
                  "speed": "slow",
                  "pass": true,
                  "fail": false,
                  "pending": false,
                  "context": null,
                  "code": "var self = this, args = arguments; return new Promise(function (resolve, reject) { var gen = fn.apply(self, args); function _next(value) { asyncGeneratorStep(gen, resolve, reject, _next, _throw, \"next\", value); } function _throw(err) { asyncGeneratorStep(gen, resolve, reject, _next, _throw, \"throw\", err); } _next(undefined); });",
                  "err": {},
                  "uuid": "42a86e1a-9826-42df-b7d0-30aa1717c282",
                  "parentUUID": "f1607028-afd0-4fb6-a16b-bf195a71c6b3",
                  "isHook": false,
                  "skipped": false
                },
                {
                  "title": "Get - Post with id",
                  "fullTitle": "Post user suite - Async Await example  Get - Post with id",
                  "timedOut": false,
                  "duration": 1056,
                  "state": "passed",
                  "speed": "slow",
                  "pass": true,
                  "fail": false,
                  "pending": false,
                  "context": null,
                  "code": "var self = this, args = arguments; return new Promise(function (resolve, reject) { var gen = fn.apply(self, args); function _next(value) { asyncGeneratorStep(gen, resolve, reject, _next, _throw, \"next\", value); } function _throw(err) { asyncGeneratorStep(gen, resolve, reject, _next, _throw, \"throw\", err); } _next(undefined); });",
                  "err": {},
                  "uuid": "0c8efb79-77d9-4106-999e-c5e9665501b6",
                  "parentUUID": "f1607028-afd0-4fb6-a16b-bf195a71c6b3",
                  "isHook": false,
                  "skipped": false
                }
              ],
              "suites": [],
              "passes": [
                "7f688565-0551-4343-9409-e0697419a104",
                "42a86e1a-9826-42df-b7d0-30aa1717c282",
                "0c8efb79-77d9-4106-999e-c5e9665501b6"
              ],
              "failures": [],
              "pending": [],
              "skipped": [],
              "duration": 3528,
              "root": false,
              "rootEmpty": false,
              "_timeout": 5000
            }
          ],
          "passes": [],
          "failures": [],
          "pending": [],
          "skipped": [],
          "duration": 0,
          "root": false,
          "rootEmpty": false,
          "_timeout": 5000
        },
        {
          "uuid": "0b160128-6b47-4909-aa6b-1f356854c729",
          "title": "Before hook example, Post user suite",
          "fullFile": "/Users/sriramku/projects/supertest-project/test/6_HooksEx_AsyncAwait copy.js",
          "file": "/test/6_HooksEx_AsyncAwait copy.js",
          "beforeHooks": [
            {
              "title": "\"before all\" hook in \"Before hook example, Post user suite\"",
              "fullTitle": "Before hook example, Post user suite \"before all\" hook in \"Before hook example, Post user suite\"",
              "timedOut": false,
              "duration": 987,
              "state": null,
              "speed": null,
              "pass": false,
              "fail": false,
              "pending": false,
              "context": null,
              "code": "var self = this, args = arguments; return new Promise(function (resolve, reject) { var gen = fn.apply(self, args); function _next(value) { asyncGeneratorStep(gen, resolve, reject, _next, _throw, \"next\", value); } function _throw(err) { asyncGeneratorStep(gen, resolve, reject, _next, _throw, \"throw\", err); } _next(undefined); });",
              "err": {},
              "uuid": "317e1e90-77ea-498f-a58f-403bc3670ae7",
              "parentUUID": "0b160128-6b47-4909-aa6b-1f356854c729",
              "isHook": true,
              "skipped": false
            }
          ],
          "afterHooks": [],
          "tests": [],
          "suites": [
            {
              "uuid": "9e1ed21a-c3c7-46e3-92ef-e7747d06ecf2",
              "title": "",
              "fullFile": "/Users/sriramku/projects/supertest-project/test/6_HooksEx_AsyncAwait copy.js",
              "file": "/test/6_HooksEx_AsyncAwait copy.js",
              "beforeHooks": [],
              "afterHooks": [],
              "tests": [
                {
                  "title": "Post - Create a Blog post",
                  "fullTitle": "Before hook example, Post user suite  Post - Create a Blog post",
                  "timedOut": false,
                  "duration": 1296,
                  "state": "passed",
                  "speed": "slow",
                  "pass": true,
                  "fail": false,
                  "pending": false,
                  "context": null,
                  "code": "var self = this, args = arguments; return new Promise(function (resolve, reject) { var gen = fn.apply(self, args); function _next(value) { asyncGeneratorStep(gen, resolve, reject, _next, _throw, \"next\", value); } function _throw(err) { asyncGeneratorStep(gen, resolve, reject, _next, _throw, \"throw\", err); } _next(undefined); });",
                  "err": {},
                  "uuid": "ef1296ae-a847-4d95-8916-0310904535ea",
                  "parentUUID": "9e1ed21a-c3c7-46e3-92ef-e7747d06ecf2",
                  "isHook": false,
                  "skipped": false
                },
                {
                  "title": "Get - Post with id",
                  "fullTitle": "Before hook example, Post user suite  Get - Post with id",
                  "timedOut": false,
                  "duration": 892,
                  "state": "passed",
                  "speed": "slow",
                  "pass": true,
                  "fail": false,
                  "pending": false,
                  "context": null,
                  "code": "var self = this, args = arguments; return new Promise(function (resolve, reject) { var gen = fn.apply(self, args); function _next(value) { asyncGeneratorStep(gen, resolve, reject, _next, _throw, \"next\", value); } function _throw(err) { asyncGeneratorStep(gen, resolve, reject, _next, _throw, \"throw\", err); } _next(undefined); });",
                  "err": {},
                  "uuid": "cf562e82-5b84-4e39-a22b-a813aad2f58a",
                  "parentUUID": "9e1ed21a-c3c7-46e3-92ef-e7747d06ecf2",
                  "isHook": false,
                  "skipped": false
                }
              ],
              "suites": [],
              "passes": [
                "ef1296ae-a847-4d95-8916-0310904535ea",
                "cf562e82-5b84-4e39-a22b-a813aad2f58a"
              ],
              "failures": [],
              "pending": [],
              "skipped": [],
              "duration": 2188,
              "root": false,
              "rootEmpty": false,
              "_timeout": 5000
            }
          ],
          "passes": [],
          "failures": [],
          "pending": [],
          "skipped": [],
          "duration": 0,
          "root": false,
          "rootEmpty": false,
          "_timeout": 5000
        },
        {
          "uuid": "b0ee78dc-7d36-4494-81f9-a5ca1f0f4f74",
          "title": "Helper Method, Post user suite",
          "fullFile": "/Users/sriramku/projects/supertest-project/test/7_HelperMethod_Example.js",
          "file": "/test/7_HelperMethod_Example.js",
          "beforeHooks": [
            {
              "title": "\"before all\" hook in \"Helper Method, Post user suite\"",
              "fullTitle": "Helper Method, Post user suite \"before all\" hook in \"Helper Method, Post user suite\"",
              "timedOut": false,
              "duration": 906,
              "state": null,
              "speed": null,
              "pass": false,
              "fail": false,
              "pending": false,
              "context": null,
              "code": "var self = this, args = arguments; return new Promise(function (resolve, reject) { var gen = fn.apply(self, args); function _next(value) { asyncGeneratorStep(gen, resolve, reject, _next, _throw, \"next\", value); } function _throw(err) { asyncGeneratorStep(gen, resolve, reject, _next, _throw, \"throw\", err); } _next(undefined); });",
              "err": {},
              "uuid": "7c759801-e842-4fd2-823a-b06e0c8636d4",
              "parentUUID": "b0ee78dc-7d36-4494-81f9-a5ca1f0f4f74",
              "isHook": true,
              "skipped": false
            }
          ],
          "afterHooks": [],
          "tests": [],
          "suites": [
            {
              "uuid": "5c7a961f-c3cc-495f-81bd-06d7cbab099e",
              "title": "",
              "fullFile": "/Users/sriramku/projects/supertest-project/test/7_HelperMethod_Example.js",
              "file": "/test/7_HelperMethod_Example.js",
              "beforeHooks": [],
              "afterHooks": [],
              "tests": [
                {
                  "title": "Post - Create a Blog post",
                  "fullTitle": "Helper Method, Post user suite  Post - Create a Blog post",
                  "timedOut": false,
                  "duration": 943,
                  "state": "passed",
                  "speed": "slow",
                  "pass": true,
                  "fail": false,
                  "pending": false,
                  "context": null,
                  "code": "var self = this, args = arguments; return new Promise(function (resolve, reject) { var gen = fn.apply(self, args); function _next(value) { asyncGeneratorStep(gen, resolve, reject, _next, _throw, \"next\", value); } function _throw(err) { asyncGeneratorStep(gen, resolve, reject, _next, _throw, \"throw\", err); } _next(undefined); });",
                  "err": {},
                  "uuid": "56373584-c85c-4092-8f97-91c521e14378",
                  "parentUUID": "5c7a961f-c3cc-495f-81bd-06d7cbab099e",
                  "isHook": false,
                  "skipped": false
                },
                {
                  "title": "Get - Post with id",
                  "fullTitle": "Helper Method, Post user suite  Get - Post with id",
                  "timedOut": false,
                  "duration": 1320,
                  "state": "passed",
                  "speed": "slow",
                  "pass": true,
                  "fail": false,
                  "pending": false,
                  "context": null,
                  "code": "var self = this, args = arguments; return new Promise(function (resolve, reject) { var gen = fn.apply(self, args); function _next(value) { asyncGeneratorStep(gen, resolve, reject, _next, _throw, \"next\", value); } function _throw(err) { asyncGeneratorStep(gen, resolve, reject, _next, _throw, \"throw\", err); } _next(undefined); });",
                  "err": {},
                  "uuid": "8915adcc-0122-4d36-851b-69c320857ace",
                  "parentUUID": "5c7a961f-c3cc-495f-81bd-06d7cbab099e",
                  "isHook": false,
                  "skipped": false
                }
              ],
              "suites": [],
              "passes": [
                "56373584-c85c-4092-8f97-91c521e14378",
                "8915adcc-0122-4d36-851b-69c320857ace"
              ],
              "failures": [],
              "pending": [],
              "skipped": [],
              "duration": 2263,
              "root": false,
              "rootEmpty": false,
              "_timeout": 5000
            }
          ],
          "passes": [],
          "failures": [],
          "pending": [],
          "skipped": [],
          "duration": 0,
          "root": false,
          "rootEmpty": false,
          "_timeout": 5000
        },
        {
          "uuid": "d99824ed-29d5-415d-9621-c680424b48d9",
          "title": "Negative Tests suite",
          "fullFile": "/Users/sriramku/projects/supertest-project/test/8_NegativeTest_Post.js",
          "file": "/test/8_NegativeTest_Post.js",
          "beforeHooks": [],
          "afterHooks": [],
          "tests": [],
          "suites": [
            {
              "uuid": "c4ae1ba0-c2c8-43ed-ad52-5f16696e15a0",
              "title": "",
              "fullFile": "/Users/sriramku/projects/supertest-project/test/8_NegativeTest_Post.js",
              "file": "/test/8_NegativeTest_Post.js",
              "beforeHooks": [],
              "afterHooks": [],
              "tests": [
                {
                  "title": "Post - Create a user without token",
                  "fullTitle": "Negative Tests suite  Post - Create a user without token",
                  "timedOut": false,
                  "duration": 911,
                  "state": "passed",
                  "speed": "slow",
                  "pass": true,
                  "fail": false,
                  "pending": false,
                  "context": null,
                  "code": "var self = this, args = arguments; return new Promise(function (resolve, reject) { var gen = fn.apply(self, args); function _next(value) { asyncGeneratorStep(gen, resolve, reject, _next, _throw, \"next\", value); } function _throw(err) { asyncGeneratorStep(gen, resolve, reject, _next, _throw, \"throw\", err); } _next(undefined); });",
                  "err": {},
                  "uuid": "e1bcf0d2-bb42-4bc7-b906-648815bc38ef",
                  "parentUUID": "c4ae1ba0-c2c8-43ed-ad52-5f16696e15a0",
                  "isHook": false,
                  "skipped": false
                },
                {
                  "title": "Post - Create a user without body",
                  "fullTitle": "Negative Tests suite  Post - Create a user without body",
                  "timedOut": false,
                  "duration": 1191,
                  "state": "passed",
                  "speed": "slow",
                  "pass": true,
                  "fail": false,
                  "pending": false,
                  "context": null,
                  "code": "var self = this, args = arguments; return new Promise(function (resolve, reject) { var gen = fn.apply(self, args); function _next(value) { asyncGeneratorStep(gen, resolve, reject, _next, _throw, \"next\", value); } function _throw(err) { asyncGeneratorStep(gen, resolve, reject, _next, _throw, \"throw\", err); } _next(undefined); });",
                  "err": {},
                  "uuid": "dbf23ee7-0544-44b4-91e5-34ded1bc2143",
                  "parentUUID": "c4ae1ba0-c2c8-43ed-ad52-5f16696e15a0",
                  "isHook": false,
                  "skipped": false
                }
              ],
              "suites": [],
              "passes": [
                "e1bcf0d2-bb42-4bc7-b906-648815bc38ef",
                "dbf23ee7-0544-44b4-91e5-34ded1bc2143"
              ],
              "failures": [],
              "pending": [],
              "skipped": [],
              "duration": 2102,
              "root": false,
              "rootEmpty": false,
              "_timeout": 5000
            }
          ],
          "passes": [],
          "failures": [],
          "pending": [],
          "skipped": [],
          "duration": 0,
          "root": false,
          "rootEmpty": false,
          "_timeout": 5000
        },
        {
          "uuid": "61540b34-a924-4b20-a8ab-9a2fcd7c3e00",
          "title": "Post user suite",
          "fullFile": "/Users/sriramku/projects/supertest-project/test/9_ConfigChanges.js",
          "file": "/test/9_ConfigChanges.js",
          "beforeHooks": [],
          "afterHooks": [],
          "tests": [],
          "suites": [
            {
              "uuid": "f76bc382-b6a4-415e-8223-50e116998d70",
              "title": "",
              "fullFile": "/Users/sriramku/projects/supertest-project/test/9_ConfigChanges.js",
              "file": "/test/9_ConfigChanges.js",
              "beforeHooks": [],
              "afterHooks": [],
              "tests": [
                {
                  "title": "Common Config example - Create a user",
                  "fullTitle": "Post user suite  Common Config example - Create a user",
                  "timedOut": false,
                  "duration": 1069,
                  "state": "passed",
                  "speed": "slow",
                  "pass": true,
                  "fail": false,
                  "pending": false,
                  "context": null,
                  "code": "var email = _faker.faker.internet.email();\nvar data = {\n  email: email,\n  name: _faker.faker.internet.userName(),\n  gender: 'male',\n  status: 'inactive'\n};\nreturn _common[\"default\"].post('/users').set(\"Authorization\", \"Bearer \".concat(TOKEN)).send(data).then(function (res) {\n  // console.log(res.body);\n  (0, _chai.expect)(res.body.data.email).to.eq(email);\n  (0, _chai.expect)(res.body.data.status).to.eq('inactive');\n  (0, _chai.expect)(res.body.data.gender).to.eq('male'); // expect(res.body.data.id).to.equal(4108);\n  // data.email = \"invalid\";\n  (0, _chai.expect)(res.body.data).to.deep.include(data);\n});",
                  "err": {},
                  "uuid": "183ecb80-2e2d-4adf-a35c-6782d8d53ecb",
                  "parentUUID": "f76bc382-b6a4-415e-8223-50e116998d70",
                  "isHook": false,
                  "skipped": false
                }
              ],
              "suites": [],
              "passes": [
                "183ecb80-2e2d-4adf-a35c-6782d8d53ecb"
              ],
              "failures": [],
              "pending": [],
              "skipped": [],
              "duration": 1069,
              "root": false,
              "rootEmpty": false,
              "_timeout": 5000
            }
          ],
          "passes": [],
          "failures": [],
          "pending": [],
          "skipped": [],
          "duration": 0,
          "root": false,
          "rootEmpty": false,
          "_timeout": 5000
        }
      ],
      "passes": [],
      "failures": [],
      "pending": [],
      "skipped": [],
      "duration": 0,
      "root": true,
      "rootEmpty": true,
      "_timeout": 5000
    }
  ],
  "meta": {
    "mocha": {
      "version": "10.0.0"
    },
    "mochawesome": {
      "options": {
        "quiet": false,
        "reportFilename": "mochawesome",
        "saveHtml": true,
        "saveJson": true,
        "consoleReporter": "spec",
        "useInlineDiffs": false,
        "code": true
      },
      "version": "7.1.3"
    },
    "marge": {
      "options": null,
      "version": "6.2.0"
    }
  }
}