{
  "stats": {
    "suites": 20,
    "tests": 19,
    "passes": 19,
    "pending": 0,
    "failures": 0,
    "start": "2022-08-20T08:26:11.540Z",
    "end": "2022-08-20T08:26:31.600Z",
    "duration": 20060,
    "testsRegistered": 19,
    "passPercent": 100,
    "pendingPercent": 0,
    "other": 0,
    "hasOther": false,
    "skipped": 0,
    "hasSkipped": false
  },
  "results": [
    {
      "uuid": "8249e691-95ad-45e0-81d4-c13dbb16c8fd",
      "title": "",
      "fullFile": "",
      "file": "",
      "beforeHooks": [],
      "afterHooks": [],
      "tests": [],
      "suites": [
        {
          "uuid": "21fc61e3-8b04-42a3-9228-976a5abcec1b",
          "title": "Env variable Token",
          "fullFile": "/Users/sriramku/projects/supertest-project/test/10_EnvVariableExample.js",
          "file": "/test/10_EnvVariableExample.js",
          "beforeHooks": [],
          "afterHooks": [],
          "tests": [],
          "suites": [
            {
              "uuid": "c9b64cca-b757-48bd-84c1-81bb3a2fa1f9",
              "title": "",
              "fullFile": "/Users/sriramku/projects/supertest-project/test/10_EnvVariableExample.js",
              "file": "/test/10_EnvVariableExample.js",
              "beforeHooks": [],
              "afterHooks": [],
              "tests": [
                {
                  "title": "Env Token - Create a user",
                  "fullTitle": "Env variable Token  Env Token - Create a user",
                  "timedOut": false,
                  "duration": 1496,
                  "state": "passed",
                  "speed": "slow",
                  "pass": true,
                  "fail": false,
                  "pending": false,
                  "context": null,
                  "code": "var email = _faker.faker.internet.email();\nvar data = {\n  email: email,\n  name: _faker.faker.internet.userName(),\n  gender: 'male',\n  status: 'inactive'\n};\nreturn _common[\"default\"].post('/users').set(\"Authorization\", \"Bearer \".concat(TOKEN)).send(data).then(function (res) {\n  // console.log(res.body);\n  (0, _chai.expect)(res.body.data.email).to.eq(email);\n  (0, _chai.expect)(res.body.data.status).to.eq('inactive');\n  (0, _chai.expect)(res.body.data.gender).to.eq('male'); // expect(res.body.data.id).to.equal(4108);\n  // data.email = \"invalid\";\n  (0, _chai.expect)(res.body.data).to.deep.include(data);\n});",
                  "err": {},
                  "uuid": "b0cb2556-d1c3-4531-bad6-b4f293930454",
                  "parentUUID": "c9b64cca-b757-48bd-84c1-81bb3a2fa1f9",
                  "isHook": false,
                  "skipped": false
                }
              ],
              "suites": [],
              "passes": [
                "b0cb2556-d1c3-4531-bad6-b4f293930454"
              ],
              "failures": [],
              "pending": [],
              "skipped": [],
              "duration": 1496,
              "root": false,
              "rootEmpty": false,
              "_timeout": 5000
            }
          ],
          "passes": [],
          "failures": [],
          "pending": [],
          "skipped": [],
          "duration": 0,
          "root": false,
          "rootEmpty": false,
          "_timeout": 5000
        },
        {
          "uuid": "aa987586-0697-4a6e-87f1-6b9a17fc0cab",
          "title": "Get Users suite",
          "fullFile": "/Users/sriramku/projects/supertest-project/test/1_GetUsers.js",
          "file": "/test/1_GetUsers.js",
          "beforeHooks": [],
          "afterHooks": [],
          "tests": [],
          "suites": [
            {
              "uuid": "f3283671-dba2-4747-8e63-595dc170a4b0",
              "title": "",
              "fullFile": "/Users/sriramku/projects/supertest-project/test/1_GetUsers.js",
              "file": "/test/1_GetUsers.js",
              "beforeHooks": [],
              "afterHooks": [],
              "tests": [
                {
                  "title": "Get all users",
                  "fullTitle": "Get Users suite  Get all users",
                  "timedOut": false,
                  "duration": 1,
                  "state": "passed",
                  "speed": "fast",
                  "pass": true,
                  "fail": false,
                  "pending": false,
                  "context": null,
                  "code": "request.get('/users').end(function (err, res) {\n  // console.log(err);\n  // console.log(res.body);\n  (0, _chai.expect)(res.body.data).to.not.be.empty; //for a diff api https://gorest.co.in/public/v2/users\n  //if response is array\n  // expect(res.body.length).to.be.greaterThan(0);\n  // expect(res.body.length).to.be.greaterThan(100);\n});",
                  "err": {},
                  "uuid": "4e4040af-3cca-48f8-a3ba-8c907a41b3dd",
                  "parentUUID": "f3283671-dba2-4747-8e63-595dc170a4b0",
                  "isHook": false,
                  "skipped": false
                },
                {
                  "title": "Get specific user",
                  "fullTitle": "Get Users suite  Get specific user",
                  "timedOut": false,
                  "duration": 1,
                  "state": "passed",
                  "speed": "fast",
                  "pass": true,
                  "fail": false,
                  "pending": false,
                  "context": null,
                  "code": "request.get('/users/4108').end(function (err, res) {\n  // console.log(res.body);\n  (0, _chai.expect)(res.body.data).to.not.be.empty;\n  (0, _chai.expect)(res.body.data.id).to.equal(4108);\n});",
                  "err": {},
                  "uuid": "f8adc380-56e7-4e8b-9ced-6c608d44c489",
                  "parentUUID": "f3283671-dba2-4747-8e63-595dc170a4b0",
                  "isHook": false,
                  "skipped": false
                },
                {
                  "title": "Get with query params",
                  "fullTitle": "Get Users suite  Get with query params",
                  "timedOut": false,
                  "duration": 1,
                  "state": "passed",
                  "speed": "fast",
                  "pass": true,
                  "fail": false,
                  "pending": false,
                  "context": null,
                  "code": "var url = '/users?page=5&gender=female&status=active';\nrequest.get(url).end(function (err, res) {\n  // console.log(res.body);\n  (0, _chai.expect)(res.body.data).to.not.be.empty;\n  res.body.data.forEach(function (element) {\n    (0, _chai.expect)(element.gender).to.eq(\"female\");\n    (0, _chai.expect)(element.status).to.eq(\"active\");\n  });\n});",
                  "err": {},
                  "uuid": "86fdffae-2009-4afe-a4ca-4caba270b7d0",
                  "parentUUID": "f3283671-dba2-4747-8e63-595dc170a4b0",
                  "isHook": false,
                  "skipped": false
                }
              ],
              "suites": [],
              "passes": [
                "4e4040af-3cca-48f8-a3ba-8c907a41b3dd",
                "f8adc380-56e7-4e8b-9ced-6c608d44c489",
                "86fdffae-2009-4afe-a4ca-4caba270b7d0"
              ],
              "failures": [],
              "pending": [],
              "skipped": [],
              "duration": 3,
              "root": false,
              "rootEmpty": false,
              "_timeout": 5000
            }
          ],
          "passes": [],
          "failures": [],
          "pending": [],
          "skipped": [],
          "duration": 0,
          "root": false,
          "rootEmpty": false,
          "_timeout": 5000
        },
        {
          "uuid": "d1854bb7-9831-429d-ab67-d942c396a103",
          "title": "Post user suite",
          "fullFile": "/Users/sriramku/projects/supertest-project/test/2_PostUsers.js",
          "file": "/test/2_PostUsers.js",
          "beforeHooks": [],
          "afterHooks": [],
          "tests": [],
          "suites": [
            {
              "uuid": "6f04a4c8-0c4f-40f3-9577-e33530e6042e",
              "title": "",
              "fullFile": "/Users/sriramku/projects/supertest-project/test/2_PostUsers.js",
              "file": "/test/2_PostUsers.js",
              "beforeHooks": [],
              "afterHooks": [],
              "tests": [
                {
                  "title": "Post - Create a user",
                  "fullTitle": "Post user suite  Post - Create a user",
                  "timedOut": false,
                  "duration": 1243,
                  "state": "passed",
                  "speed": "slow",
                  "pass": true,
                  "fail": false,
                  "pending": false,
                  "context": null,
                  "code": "var email = _faker.faker.internet.email();\nvar data = {\n  email: email,\n  name: _faker.faker.internet.userName(),\n  gender: 'male',\n  status: 'inactive'\n};\nreturn request.post('/users').set(\"Authorization\", \"Bearer \".concat(TOKEN)).send(data).then(function (res) {\n  // console.log(res.body);\n  (0, _chai.expect)(res.body.data.email).to.eq(email);\n  (0, _chai.expect)(res.body.data.status).to.eq('inactive');\n  (0, _chai.expect)(res.body.data.gender).to.eq('male'); // expect(res.body.data.id).to.equal(4108);\n  // data.email = \"invalid\";\n  (0, _chai.expect)(res.body.data).to.deep.include(data);\n});",
                  "err": {},
                  "uuid": "434de9fd-9555-4ef5-8f53-c7dce2ad0a26",
                  "parentUUID": "6f04a4c8-0c4f-40f3-9577-e33530e6042e",
                  "isHook": false,
                  "skipped": false
                }
              ],
              "suites": [],
              "passes": [
                "434de9fd-9555-4ef5-8f53-c7dce2ad0a26"
              ],
              "failures": [],
              "pending": [],
              "skipped": [],
              "duration": 1243,
              "root": false,
              "rootEmpty": false,
              "_timeout": 5000
            }
          ],
          "passes": [],
          "failures": [],
          "pending": [],
          "skipped": [],
          "duration": 0,
          "root": false,
          "rootEmpty": false,
          "_timeout": 5000
        },
        {
          "uuid": "16798916-faa1-4afd-a0cd-a2fcd690b195",
          "title": "Put user suite ",
          "fullFile": "/Users/sriramku/projects/supertest-project/test/3_PutUsers.js",
          "file": "/test/3_PutUsers.js",
          "beforeHooks": [],
          "afterHooks": [],
          "tests": [],
          "suites": [
            {
              "uuid": "1c4f493d-753d-4fb8-9b5f-fc4fe718214c",
              "title": "",
              "fullFile": "/Users/sriramku/projects/supertest-project/test/3_PutUsers.js",
              "file": "/test/3_PutUsers.js",
              "beforeHooks": [],
              "afterHooks": [],
              "tests": [
                {
                  "title": "Post - Create a user",
                  "fullTitle": "Put user suite   Post - Create a user",
                  "timedOut": false,
                  "duration": 973,
                  "state": "passed",
                  "speed": "slow",
                  "pass": true,
                  "fail": false,
                  "pending": false,
                  "context": null,
                  "code": "var email = _faker.faker.internet.email();\nvar data = {\n  email: email,\n  name: _faker.faker.internet.userName(),\n  gender: 'male',\n  status: 'inactive'\n};\nreturn request.post('/users').set(\"Authorization\", \"Bearer \".concat(TOKEN)).send(data).then(function (res) {\n  userId = res.body.data.id;\n});",
                  "err": {},
                  "uuid": "97a6b828-84e6-4c03-a515-f0ee7c580c38",
                  "parentUUID": "1c4f493d-753d-4fb8-9b5f-fc4fe718214c",
                  "isHook": false,
                  "skipped": false
                },
                {
                  "title": "Put - Update a user",
                  "fullTitle": "Put user suite   Put - Update a user",
                  "timedOut": false,
                  "duration": 1074,
                  "state": "passed",
                  "speed": "slow",
                  "pass": true,
                  "fail": false,
                  "pending": false,
                  "context": null,
                  "code": "var email = _faker.faker.internet.email();\nvar data = {\n  email: email,\n  name: _faker.faker.internet.userName(),\n  gender: 'female',\n  status: 'active'\n};\nreturn request.put('/users/' + userId).set(\"Authorization\", \"Bearer \".concat(TOKEN)).send(data).then(function (res) {\n  // console.log(res.body);\n  // expect(res.body.data.email).to.eq(email);\n  (0, _chai.expect)(res.body.data).to.deep.include(data);\n});",
                  "err": {},
                  "uuid": "53d89679-7150-4da8-832b-21575b66831e",
                  "parentUUID": "1c4f493d-753d-4fb8-9b5f-fc4fe718214c",
                  "isHook": false,
                  "skipped": false
                }
              ],
              "suites": [],
              "passes": [
                "97a6b828-84e6-4c03-a515-f0ee7c580c38",
                "53d89679-7150-4da8-832b-21575b66831e"
              ],
              "failures": [],
              "pending": [],
              "skipped": [],
              "duration": 2047,
              "root": false,
              "rootEmpty": false,
              "_timeout": 5000
            }
          ],
          "passes": [],
          "failures": [],
          "pending": [],
          "skipped": [],
          "duration": 0,
          "root": false,
          "rootEmpty": false,
          "_timeout": 5000
        },
        {
          "uuid": "38774029-bb39-4e37-b01b-663cedae4fd2",
          "title": "Delete user suite ",
          "fullFile": "/Users/sriramku/projects/supertest-project/test/4_DeleteUser.js",
          "file": "/test/4_DeleteUser.js",
          "beforeHooks": [],
          "afterHooks": [],
          "tests": [],
          "suites": [
            {
              "uuid": "170e2a15-3d4b-4f32-883d-071da036d1b8",
              "title": "",
              "fullFile": "/Users/sriramku/projects/supertest-project/test/4_DeleteUser.js",
              "file": "/test/4_DeleteUser.js",
              "beforeHooks": [],
              "afterHooks": [],
              "tests": [
                {
                  "title": "Post - Create a user",
                  "fullTitle": "Delete user suite   Post - Create a user",
                  "timedOut": false,
                  "duration": 1281,
                  "state": "passed",
                  "speed": "slow",
                  "pass": true,
                  "fail": false,
                  "pending": false,
                  "context": null,
                  "code": "var email = _faker.faker.internet.email();\nvar data = {\n  email: email,\n  name: _faker.faker.internet.userName(),\n  gender: 'male',\n  status: 'inactive'\n};\nreturn request.post('/users').set(\"Authorization\", \"Bearer \".concat(TOKEN)).send(data).then(function (res) {\n  userId = res.body.data.id;\n});",
                  "err": {},
                  "uuid": "8898f772-3999-42f1-b5ee-7e1f59d60a5b",
                  "parentUUID": "170e2a15-3d4b-4f32-883d-071da036d1b8",
                  "isHook": false,
                  "skipped": false
                },
                {
                  "title": "Delete - delete a user",
                  "fullTitle": "Delete user suite   Delete - delete a user",
                  "timedOut": false,
                  "duration": 901,
                  "state": "passed",
                  "speed": "slow",
                  "pass": true,
                  "fail": false,
                  "pending": false,
                  "context": null,
                  "code": "return request[\"delete\"]('/users/' + userId).set(\"Authorization\", \"Bearer \".concat(TOKEN)).then(function (res) {\n  // console.log(res.body);\n  // verify response has no error msg in data field\n  (0, _chai.expect)(res.body.data).to.eq(null); // expect(res.body.data).to.deep.include(data);\n});",
                  "err": {},
                  "uuid": "1fd55a36-7fc6-4e87-823e-625f4f605984",
                  "parentUUID": "170e2a15-3d4b-4f32-883d-071da036d1b8",
                  "isHook": false,
                  "skipped": false
                }
              ],
              "suites": [],
              "passes": [
                "8898f772-3999-42f1-b5ee-7e1f59d60a5b",
                "1fd55a36-7fc6-4e87-823e-625f4f605984"
              ],
              "failures": [],
              "pending": [],
              "skipped": [],
              "duration": 2182,
              "root": false,
              "rootEmpty": false,
              "_timeout": 5000
            }
          ],
          "passes": [],
          "failures": [],
          "pending": [],
          "skipped": [],
          "duration": 0,
          "root": false,
          "rootEmpty": false,
          "_timeout": 5000
        },
        {
          "uuid": "f25af406-de5e-44da-b8fc-6e7f037d9dca",
          "title": "Post user suite - Async Await example",
          "fullFile": "/Users/sriramku/projects/supertest-project/test/5_CreateBlogPost_AsyncAwait copy.js",
          "file": "/test/5_CreateBlogPost_AsyncAwait copy.js",
          "beforeHooks": [],
          "afterHooks": [],
          "tests": [],
          "suites": [
            {
              "uuid": "6b629ee4-897f-4071-9b95-f0cf69544734",
              "title": "",
              "fullFile": "/Users/sriramku/projects/supertest-project/test/5_CreateBlogPost_AsyncAwait copy.js",
              "file": "/test/5_CreateBlogPost_AsyncAwait copy.js",
              "beforeHooks": [],
              "afterHooks": [],
              "tests": [
                {
                  "title": "First - Create a user",
                  "fullTitle": "Post user suite - Async Await example  First - Create a user",
                  "timedOut": false,
                  "duration": 898,
                  "state": "passed",
                  "speed": "slow",
                  "pass": true,
                  "fail": false,
                  "pending": false,
                  "context": null,
                  "code": "var self = this, args = arguments; return new Promise(function (resolve, reject) { var gen = fn.apply(self, args); function _next(value) { asyncGeneratorStep(gen, resolve, reject, _next, _throw, \"next\", value); } function _throw(err) { asyncGeneratorStep(gen, resolve, reject, _next, _throw, \"throw\", err); } _next(undefined); });",
                  "err": {},
                  "uuid": "bd8a10e1-1ff0-4c92-9040-124b5492c9ec",
                  "parentUUID": "6b629ee4-897f-4071-9b95-f0cf69544734",
                  "isHook": false,
                  "skipped": false
                },
                {
                  "title": "Post - Create a Blog post",
                  "fullTitle": "Post user suite - Async Await example  Post - Create a Blog post",
                  "timedOut": false,
                  "duration": 1360,
                  "state": "passed",
                  "speed": "slow",
                  "pass": true,
                  "fail": false,
                  "pending": false,
                  "context": null,
                  "code": "var self = this, args = arguments; return new Promise(function (resolve, reject) { var gen = fn.apply(self, args); function _next(value) { asyncGeneratorStep(gen, resolve, reject, _next, _throw, \"next\", value); } function _throw(err) { asyncGeneratorStep(gen, resolve, reject, _next, _throw, \"throw\", err); } _next(undefined); });",
                  "err": {},
                  "uuid": "bf01a452-f62c-46f5-b0e6-09e1508c011c",
                  "parentUUID": "6b629ee4-897f-4071-9b95-f0cf69544734",
                  "isHook": false,
                  "skipped": false
                },
                {
                  "title": "Get - Post with id",
                  "fullTitle": "Post user suite - Async Await example  Get - Post with id",
                  "timedOut": false,
                  "duration": 878,
                  "state": "passed",
                  "speed": "slow",
                  "pass": true,
                  "fail": false,
                  "pending": false,
                  "context": null,
                  "code": "var self = this, args = arguments; return new Promise(function (resolve, reject) { var gen = fn.apply(self, args); function _next(value) { asyncGeneratorStep(gen, resolve, reject, _next, _throw, \"next\", value); } function _throw(err) { asyncGeneratorStep(gen, resolve, reject, _next, _throw, \"throw\", err); } _next(undefined); });",
                  "err": {},
                  "uuid": "751a034f-5013-45a3-abd8-7dc18c91da1f",
                  "parentUUID": "6b629ee4-897f-4071-9b95-f0cf69544734",
                  "isHook": false,
                  "skipped": false
                }
              ],
              "suites": [],
              "passes": [
                "bd8a10e1-1ff0-4c92-9040-124b5492c9ec",
                "bf01a452-f62c-46f5-b0e6-09e1508c011c",
                "751a034f-5013-45a3-abd8-7dc18c91da1f"
              ],
              "failures": [],
              "pending": [],
              "skipped": [],
              "duration": 3136,
              "root": false,
              "rootEmpty": false,
              "_timeout": 5000
            }
          ],
          "passes": [],
          "failures": [],
          "pending": [],
          "skipped": [],
          "duration": 0,
          "root": false,
          "rootEmpty": false,
          "_timeout": 5000
        },
        {
          "uuid": "45903168-ab8f-4e44-989f-512ebedbfb69",
          "title": "Before hook example, Post user suite",
          "fullFile": "/Users/sriramku/projects/supertest-project/test/6_HooksEx_AsyncAwait copy.js",
          "file": "/test/6_HooksEx_AsyncAwait copy.js",
          "beforeHooks": [
            {
              "title": "\"before all\" hook in \"Before hook example, Post user suite\"",
              "fullTitle": "Before hook example, Post user suite \"before all\" hook in \"Before hook example, Post user suite\"",
              "timedOut": false,
              "duration": 1353,
              "state": null,
              "speed": null,
              "pass": false,
              "fail": false,
              "pending": false,
              "context": null,
              "code": "var self = this, args = arguments; return new Promise(function (resolve, reject) { var gen = fn.apply(self, args); function _next(value) { asyncGeneratorStep(gen, resolve, reject, _next, _throw, \"next\", value); } function _throw(err) { asyncGeneratorStep(gen, resolve, reject, _next, _throw, \"throw\", err); } _next(undefined); });",
              "err": {},
              "uuid": "4d8731d9-8b77-45fe-8a9d-07690e48fc73",
              "parentUUID": "45903168-ab8f-4e44-989f-512ebedbfb69",
              "isHook": true,
              "skipped": false
            }
          ],
          "afterHooks": [],
          "tests": [],
          "suites": [
            {
              "uuid": "45c713a1-9507-4af2-8a4c-867ff7d9aed0",
              "title": "",
              "fullFile": "/Users/sriramku/projects/supertest-project/test/6_HooksEx_AsyncAwait copy.js",
              "file": "/test/6_HooksEx_AsyncAwait copy.js",
              "beforeHooks": [],
              "afterHooks": [],
              "tests": [
                {
                  "title": "Post - Create a Blog post",
                  "fullTitle": "Before hook example, Post user suite  Post - Create a Blog post",
                  "timedOut": false,
                  "duration": 932,
                  "state": "passed",
                  "speed": "slow",
                  "pass": true,
                  "fail": false,
                  "pending": false,
                  "context": null,
                  "code": "var self = this, args = arguments; return new Promise(function (resolve, reject) { var gen = fn.apply(self, args); function _next(value) { asyncGeneratorStep(gen, resolve, reject, _next, _throw, \"next\", value); } function _throw(err) { asyncGeneratorStep(gen, resolve, reject, _next, _throw, \"throw\", err); } _next(undefined); });",
                  "err": {},
                  "uuid": "f316ad70-9aaf-4ddb-97da-7cb40cc2a638",
                  "parentUUID": "45c713a1-9507-4af2-8a4c-867ff7d9aed0",
                  "isHook": false,
                  "skipped": false
                },
                {
                  "title": "Get - Post with id",
                  "fullTitle": "Before hook example, Post user suite  Get - Post with id",
                  "timedOut": false,
                  "duration": 1269,
                  "state": "passed",
                  "speed": "slow",
                  "pass": true,
                  "fail": false,
                  "pending": false,
                  "context": null,
                  "code": "var self = this, args = arguments; return new Promise(function (resolve, reject) { var gen = fn.apply(self, args); function _next(value) { asyncGeneratorStep(gen, resolve, reject, _next, _throw, \"next\", value); } function _throw(err) { asyncGeneratorStep(gen, resolve, reject, _next, _throw, \"throw\", err); } _next(undefined); });",
                  "err": {},
                  "uuid": "08e664e2-733b-406c-9149-7e5c96f81c15",
                  "parentUUID": "45c713a1-9507-4af2-8a4c-867ff7d9aed0",
                  "isHook": false,
                  "skipped": false
                }
              ],
              "suites": [],
              "passes": [
                "f316ad70-9aaf-4ddb-97da-7cb40cc2a638",
                "08e664e2-733b-406c-9149-7e5c96f81c15"
              ],
              "failures": [],
              "pending": [],
              "skipped": [],
              "duration": 2201,
              "root": false,
              "rootEmpty": false,
              "_timeout": 5000
            }
          ],
          "passes": [],
          "failures": [],
          "pending": [],
          "skipped": [],
          "duration": 0,
          "root": false,
          "rootEmpty": false,
          "_timeout": 5000
        },
        {
          "uuid": "36ebf710-55cf-43b6-8340-156c4cfc9420",
          "title": "Helper Method, Post user suite",
          "fullFile": "/Users/sriramku/projects/supertest-project/test/7_HelperMethod_Example.js",
          "file": "/test/7_HelperMethod_Example.js",
          "beforeHooks": [
            {
              "title": "\"before all\" hook in \"Helper Method, Post user suite\"",
              "fullTitle": "Helper Method, Post user suite \"before all\" hook in \"Helper Method, Post user suite\"",
              "timedOut": false,
              "duration": 962,
              "state": null,
              "speed": null,
              "pass": false,
              "fail": false,
              "pending": false,
              "context": null,
              "code": "var self = this, args = arguments; return new Promise(function (resolve, reject) { var gen = fn.apply(self, args); function _next(value) { asyncGeneratorStep(gen, resolve, reject, _next, _throw, \"next\", value); } function _throw(err) { asyncGeneratorStep(gen, resolve, reject, _next, _throw, \"throw\", err); } _next(undefined); });",
              "err": {},
              "uuid": "e5486176-78b0-4865-9fc2-5d4dd365091a",
              "parentUUID": "36ebf710-55cf-43b6-8340-156c4cfc9420",
              "isHook": true,
              "skipped": false
            }
          ],
          "afterHooks": [],
          "tests": [],
          "suites": [
            {
              "uuid": "4c31874e-8508-499b-a8be-8127351f0db4",
              "title": "",
              "fullFile": "/Users/sriramku/projects/supertest-project/test/7_HelperMethod_Example.js",
              "file": "/test/7_HelperMethod_Example.js",
              "beforeHooks": [],
              "afterHooks": [],
              "tests": [
                {
                  "title": "Post - Create a Blog post",
                  "fullTitle": "Helper Method, Post user suite  Post - Create a Blog post",
                  "timedOut": false,
                  "duration": 1494,
                  "state": "passed",
                  "speed": "slow",
                  "pass": true,
                  "fail": false,
                  "pending": false,
                  "context": null,
                  "code": "var self = this, args = arguments; return new Promise(function (resolve, reject) { var gen = fn.apply(self, args); function _next(value) { asyncGeneratorStep(gen, resolve, reject, _next, _throw, \"next\", value); } function _throw(err) { asyncGeneratorStep(gen, resolve, reject, _next, _throw, \"throw\", err); } _next(undefined); });",
                  "err": {},
                  "uuid": "997706e0-f50c-42b7-9a29-2317de93c724",
                  "parentUUID": "4c31874e-8508-499b-a8be-8127351f0db4",
                  "isHook": false,
                  "skipped": false
                },
                {
                  "title": "Get - Post with id",
                  "fullTitle": "Helper Method, Post user suite  Get - Post with id",
                  "timedOut": false,
                  "duration": 1002,
                  "state": "passed",
                  "speed": "slow",
                  "pass": true,
                  "fail": false,
                  "pending": false,
                  "context": null,
                  "code": "var self = this, args = arguments; return new Promise(function (resolve, reject) { var gen = fn.apply(self, args); function _next(value) { asyncGeneratorStep(gen, resolve, reject, _next, _throw, \"next\", value); } function _throw(err) { asyncGeneratorStep(gen, resolve, reject, _next, _throw, \"throw\", err); } _next(undefined); });",
                  "err": {},
                  "uuid": "4fdd9c50-820f-4988-89c7-35c253b28360",
                  "parentUUID": "4c31874e-8508-499b-a8be-8127351f0db4",
                  "isHook": false,
                  "skipped": false
                }
              ],
              "suites": [],
              "passes": [
                "997706e0-f50c-42b7-9a29-2317de93c724",
                "4fdd9c50-820f-4988-89c7-35c253b28360"
              ],
              "failures": [],
              "pending": [],
              "skipped": [],
              "duration": 2496,
              "root": false,
              "rootEmpty": false,
              "_timeout": 5000
            }
          ],
          "passes": [],
          "failures": [],
          "pending": [],
          "skipped": [],
          "duration": 0,
          "root": false,
          "rootEmpty": false,
          "_timeout": 5000
        },
        {
          "uuid": "f9efc124-d098-440f-8617-032f6f1a24a1",
          "title": "Negative Tests suite",
          "fullFile": "/Users/sriramku/projects/supertest-project/test/8_NegativeTest_Post.js",
          "file": "/test/8_NegativeTest_Post.js",
          "beforeHooks": [],
          "afterHooks": [],
          "tests": [],
          "suites": [
            {
              "uuid": "99c9c552-d042-4f49-9838-6e49a5c29be6",
              "title": "",
              "fullFile": "/Users/sriramku/projects/supertest-project/test/8_NegativeTest_Post.js",
              "file": "/test/8_NegativeTest_Post.js",
              "beforeHooks": [],
              "afterHooks": [],
              "tests": [
                {
                  "title": "Post - Create a user without token",
                  "fullTitle": "Negative Tests suite  Post - Create a user without token",
                  "timedOut": false,
                  "duration": 787,
                  "state": "passed",
                  "speed": "slow",
                  "pass": true,
                  "fail": false,
                  "pending": false,
                  "context": null,
                  "code": "var self = this, args = arguments; return new Promise(function (resolve, reject) { var gen = fn.apply(self, args); function _next(value) { asyncGeneratorStep(gen, resolve, reject, _next, _throw, \"next\", value); } function _throw(err) { asyncGeneratorStep(gen, resolve, reject, _next, _throw, \"throw\", err); } _next(undefined); });",
                  "err": {},
                  "uuid": "f8c93413-3e50-4bb5-9561-33ae8e3b7e4e",
                  "parentUUID": "99c9c552-d042-4f49-9838-6e49a5c29be6",
                  "isHook": false,
                  "skipped": false
                },
                {
                  "title": "Post - Create a user without body",
                  "fullTitle": "Negative Tests suite  Post - Create a user without body",
                  "timedOut": false,
                  "duration": 1178,
                  "state": "passed",
                  "speed": "slow",
                  "pass": true,
                  "fail": false,
                  "pending": false,
                  "context": null,
                  "code": "var self = this, args = arguments; return new Promise(function (resolve, reject) { var gen = fn.apply(self, args); function _next(value) { asyncGeneratorStep(gen, resolve, reject, _next, _throw, \"next\", value); } function _throw(err) { asyncGeneratorStep(gen, resolve, reject, _next, _throw, \"throw\", err); } _next(undefined); });",
                  "err": {},
                  "uuid": "ebdf603e-397d-47fe-b3eb-debccb34deba",
                  "parentUUID": "99c9c552-d042-4f49-9838-6e49a5c29be6",
                  "isHook": false,
                  "skipped": false
                }
              ],
              "suites": [],
              "passes": [
                "f8c93413-3e50-4bb5-9561-33ae8e3b7e4e",
                "ebdf603e-397d-47fe-b3eb-debccb34deba"
              ],
              "failures": [],
              "pending": [],
              "skipped": [],
              "duration": 1965,
              "root": false,
              "rootEmpty": false,
              "_timeout": 5000
            }
          ],
          "passes": [],
          "failures": [],
          "pending": [],
          "skipped": [],
          "duration": 0,
          "root": false,
          "rootEmpty": false,
          "_timeout": 5000
        },
        {
          "uuid": "62c0833f-8b11-48ff-9f67-af9d107c8dbc",
          "title": "Config changes -  suite",
          "fullFile": "/Users/sriramku/projects/supertest-project/test/9_ConfigChanges.js",
          "file": "/test/9_ConfigChanges.js",
          "beforeHooks": [],
          "afterHooks": [],
          "tests": [],
          "suites": [
            {
              "uuid": "1bf49cfe-7c29-46e3-beb0-dedb6eeb9380",
              "title": "",
              "fullFile": "/Users/sriramku/projects/supertest-project/test/9_ConfigChanges.js",
              "file": "/test/9_ConfigChanges.js",
              "beforeHooks": [],
              "afterHooks": [],
              "tests": [
                {
                  "title": "Common Config example - Create a user",
                  "fullTitle": "Config changes -  suite  Common Config example - Create a user",
                  "timedOut": false,
                  "duration": 955,
                  "state": "passed",
                  "speed": "slow",
                  "pass": true,
                  "fail": false,
                  "pending": false,
                  "context": null,
                  "code": "var email = _faker.faker.internet.email();\nvar data = {\n  email: email,\n  name: _faker.faker.internet.userName(),\n  gender: 'male',\n  status: 'inactive'\n};\nreturn _common[\"default\"].post('/users').set(\"Authorization\", \"Bearer \".concat(TOKEN)).send(data).then(function (res) {\n  // console.log(res.body);\n  (0, _chai.expect)(res.body.data.email).to.eq(email);\n  (0, _chai.expect)(res.body.data.status).to.eq('inactive');\n  (0, _chai.expect)(res.body.data.gender).to.eq('male'); // expect(res.body.data.id).to.equal(4108);\n  // data.email = \"invalid\";\n  (0, _chai.expect)(res.body.data).to.deep.include(data);\n});",
                  "err": {},
                  "uuid": "26c28320-df50-4040-9db8-e3f2ee90b4cf",
                  "parentUUID": "1bf49cfe-7c29-46e3-beb0-dedb6eeb9380",
                  "isHook": false,
                  "skipped": false
                }
              ],
              "suites": [],
              "passes": [
                "26c28320-df50-4040-9db8-e3f2ee90b4cf"
              ],
              "failures": [],
              "pending": [],
              "skipped": [],
              "duration": 955,
              "root": false,
              "rootEmpty": false,
              "_timeout": 5000
            }
          ],
          "passes": [],
          "failures": [],
          "pending": [],
          "skipped": [],
          "duration": 0,
          "root": false,
          "rootEmpty": false,
          "_timeout": 5000
        }
      ],
      "passes": [],
      "failures": [],
      "pending": [],
      "skipped": [],
      "duration": 0,
      "root": true,
      "rootEmpty": true,
      "_timeout": 5000
    }
  ],
  "meta": {
    "mocha": {
      "version": "10.0.0"
    },
    "mochawesome": {
      "options": {
        "quiet": false,
        "reportFilename": "mochawesome",
        "saveHtml": true,
        "saveJson": true,
        "consoleReporter": "spec",
        "useInlineDiffs": false,
        "code": true
      },
      "version": "7.1.3"
    },
    "marge": {
      "options": null,
      "version": "6.2.0"
    }
  }
}